[0.875s] DEBUG:colcon:Command line arguments: ['/home/nano/.local/bin/colcon', 'build']
[0.876s] DEBUG:colcon:Parsed command line arguments: Namespace(log_base=None, log_level=None, verb_name='build', build_base='build', install_base='install', merge_install=False, symlink_install=False, test_result_base=None, continue_on_error=False, executor='parallel', parallel_workers=4, event_handlers=None, ignore_user_meta=False, metas=['./colcon.meta'], base_paths=['.'], packages_ignore=None, packages_ignore_regex=None, paths=None, packages_up_to=None, packages_up_to_regex=None, packages_above=None, packages_above_and_dependencies=None, packages_above_depth=None, packages_select_by_dep=None, packages_skip_by_dep=None, packages_skip_up_to=None, packages_select_build_failed=False, packages_skip_build_finished=False, packages_select_test_failures=False, packages_skip_test_passed=False, packages_select=None, packages_skip=None, packages_select_regex=None, packages_skip_regex=None, packages_start=None, packages_end=None, cmake_args=None, cmake_target=None, cmake_target_skip_unavailable=False, cmake_clean_cache=False, cmake_clean_first=False, cmake_force_configure=False, ament_cmake_args=None, catkin_cmake_args=None, catkin_skip_building_tests=False, verb_parser=<colcon_defaults.argument_parser.defaults.DefaultArgumentsDecorator object at 0xffff8a445d20>, verb_extension=<colcon_core.verb.build.BuildVerb object at 0xffff8a76ff70>, main=<bound method BuildVerb.main of <colcon_core.verb.build.BuildVerb object at 0xffff8a76ff70>>)
[1.223s] Level 1:colcon.colcon_core.package_discovery:discover_packages(colcon_meta) check parameters
[1.223s] Level 1:colcon.colcon_core.package_discovery:discover_packages(recursive) check parameters
[1.223s] Level 1:colcon.colcon_core.package_discovery:discover_packages(ignore) check parameters
[1.223s] Level 1:colcon.colcon_core.package_discovery:discover_packages(path) check parameters
[1.224s] Level 1:colcon.colcon_core.package_discovery:discover_packages(colcon_meta) discover
[1.224s] Level 1:colcon.colcon_core.package_discovery:discover_packages(recursive) discover
[1.224s] INFO:colcon.colcon_core.package_discovery:Crawling recursively for packages in '/home/nano/ros2_uav_ws'
[1.225s] Level 1:colcon.colcon_core.package_identification:_identify(.) by extensions ['ignore', 'ignore_ament_install']
[1.225s] Level 1:colcon.colcon_core.package_identification:_identify(.) by extension 'ignore'
[1.225s] Level 1:colcon.colcon_core.package_identification:_identify(.) by extension 'ignore_ament_install'
[1.226s] Level 1:colcon.colcon_core.package_identification:_identify(.) by extensions ['colcon_pkg']
[1.226s] Level 1:colcon.colcon_core.package_identification:_identify(.) by extension 'colcon_pkg'
[1.226s] Level 1:colcon.colcon_core.package_identification:_identify(.) by extensions ['colcon_meta']
[1.226s] Level 1:colcon.colcon_core.package_identification:_identify(.) by extension 'colcon_meta'
[1.227s] Level 1:colcon.colcon_core.package_identification:_identify(.) by extensions ['ros']
[1.227s] Level 1:colcon.colcon_core.package_identification:_identify(.) by extension 'ros'
[1.321s] Level 1:colcon.colcon_core.package_identification:_identify(.) by extensions ['cmake', 'python']
[1.322s] Level 1:colcon.colcon_core.package_identification:_identify(.) by extension 'cmake'
[1.322s] Level 1:colcon.colcon_core.package_identification:_identify(.) by extension 'python'
[1.322s] Level 1:colcon.colcon_core.package_identification:_identify(.) by extensions ['python_setup_py']
[1.322s] Level 1:colcon.colcon_core.package_identification:_identify(.) by extension 'python_setup_py'
[1.323s] Level 1:colcon.colcon_core.package_identification:_identify(build) by extensions ['ignore', 'ignore_ament_install']
[1.323s] Level 1:colcon.colcon_core.package_identification:_identify(build) by extension 'ignore'
[1.323s] Level 1:colcon.colcon_core.package_identification:_identify(build) ignored
[1.324s] Level 1:colcon.colcon_core.package_identification:_identify(install) by extensions ['ignore', 'ignore_ament_install']
[1.324s] Level 1:colcon.colcon_core.package_identification:_identify(install) by extension 'ignore'
[1.324s] Level 1:colcon.colcon_core.package_identification:_identify(install) ignored
[1.325s] Level 1:colcon.colcon_core.package_identification:_identify(log) by extensions ['ignore', 'ignore_ament_install']
[1.325s] Level 1:colcon.colcon_core.package_identification:_identify(log) by extension 'ignore'
[1.325s] Level 1:colcon.colcon_core.package_identification:_identify(log) ignored
[1.326s] Level 1:colcon.colcon_core.package_identification:_identify(src) by extensions ['ignore', 'ignore_ament_install']
[1.326s] Level 1:colcon.colcon_core.package_identification:_identify(src) by extension 'ignore'
[1.326s] Level 1:colcon.colcon_core.package_identification:_identify(src) by extension 'ignore_ament_install'
[1.327s] Level 1:colcon.colcon_core.package_identification:_identify(src) by extensions ['colcon_pkg']
[1.327s] Level 1:colcon.colcon_core.package_identification:_identify(src) by extension 'colcon_pkg'
[1.327s] Level 1:colcon.colcon_core.package_identification:_identify(src) by extensions ['colcon_meta']
[1.327s] Level 1:colcon.colcon_core.package_identification:_identify(src) by extension 'colcon_meta'
[1.327s] Level 1:colcon.colcon_core.package_identification:_identify(src) by extensions ['ros']
[1.327s] Level 1:colcon.colcon_core.package_identification:_identify(src) by extension 'ros'
[1.328s] Level 1:colcon.colcon_core.package_identification:_identify(src) by extensions ['cmake', 'python']
[1.328s] Level 1:colcon.colcon_core.package_identification:_identify(src) by extension 'cmake'
[1.328s] Level 1:colcon.colcon_core.package_identification:_identify(src) by extension 'python'
[1.328s] Level 1:colcon.colcon_core.package_identification:_identify(src) by extensions ['python_setup_py']
[1.328s] Level 1:colcon.colcon_core.package_identification:_identify(src) by extension 'python_setup_py'
[1.329s] Level 1:colcon.colcon_core.package_identification:_identify(src/ROS2_PX4_Offboard_Example) by extensions ['ignore', 'ignore_ament_install']
[1.329s] Level 1:colcon.colcon_core.package_identification:_identify(src/ROS2_PX4_Offboard_Example) by extension 'ignore'
[1.329s] Level 1:colcon.colcon_core.package_identification:_identify(src/ROS2_PX4_Offboard_Example) by extension 'ignore_ament_install'
[1.330s] Level 1:colcon.colcon_core.package_identification:_identify(src/ROS2_PX4_Offboard_Example) by extensions ['colcon_pkg']
[1.330s] Level 1:colcon.colcon_core.package_identification:_identify(src/ROS2_PX4_Offboard_Example) by extension 'colcon_pkg'
[1.330s] Level 1:colcon.colcon_core.package_identification:_identify(src/ROS2_PX4_Offboard_Example) by extensions ['colcon_meta']
[1.330s] Level 1:colcon.colcon_core.package_identification:_identify(src/ROS2_PX4_Offboard_Example) by extension 'colcon_meta'
[1.330s] Level 1:colcon.colcon_core.package_identification:_identify(src/ROS2_PX4_Offboard_Example) by extensions ['ros']
[1.331s] Level 1:colcon.colcon_core.package_identification:_identify(src/ROS2_PX4_Offboard_Example) by extension 'ros'
[1.331s] Level 1:colcon.colcon_core.package_identification:_identify(src/ROS2_PX4_Offboard_Example) by extensions ['cmake', 'python']
[1.331s] Level 1:colcon.colcon_core.package_identification:_identify(src/ROS2_PX4_Offboard_Example) by extension 'cmake'
[1.331s] Level 1:colcon.colcon_core.package_identification:_identify(src/ROS2_PX4_Offboard_Example) by extension 'python'
[1.331s] Level 1:colcon.colcon_core.package_identification:_identify(src/ROS2_PX4_Offboard_Example) by extensions ['python_setup_py']
[1.332s] Level 1:colcon.colcon_core.package_identification:_identify(src/ROS2_PX4_Offboard_Example) by extension 'python_setup_py'
[1.332s] Level 1:colcon.colcon_core.package_identification:_identify(src/ROS2_PX4_Offboard_Example/px4_offboard) by extensions ['ignore', 'ignore_ament_install']
[1.332s] Level 1:colcon.colcon_core.package_identification:_identify(src/ROS2_PX4_Offboard_Example/px4_offboard) by extension 'ignore'
[1.333s] Level 1:colcon.colcon_core.package_identification:_identify(src/ROS2_PX4_Offboard_Example/px4_offboard) by extension 'ignore_ament_install'
[1.333s] Level 1:colcon.colcon_core.package_identification:_identify(src/ROS2_PX4_Offboard_Example/px4_offboard) by extensions ['colcon_pkg']
[1.333s] Level 1:colcon.colcon_core.package_identification:_identify(src/ROS2_PX4_Offboard_Example/px4_offboard) by extension 'colcon_pkg'
[1.333s] Level 1:colcon.colcon_core.package_identification:_identify(src/ROS2_PX4_Offboard_Example/px4_offboard) by extensions ['colcon_meta']
[1.333s] Level 1:colcon.colcon_core.package_identification:_identify(src/ROS2_PX4_Offboard_Example/px4_offboard) by extension 'colcon_meta'
[1.334s] Level 1:colcon.colcon_core.package_identification:_identify(src/ROS2_PX4_Offboard_Example/px4_offboard) by extensions ['ros']
[1.334s] Level 1:colcon.colcon_core.package_identification:_identify(src/ROS2_PX4_Offboard_Example/px4_offboard) by extension 'ros'
[1.350s] DEBUG:colcon.colcon_core.package_identification:Package 'src/ROS2_PX4_Offboard_Example/px4_offboard' with type 'ros.ament_python' and name 'px4_offboard'
[1.350s] Level 1:colcon.colcon_core.package_identification:_identify(src/nano_test_pkg) by extensions ['ignore', 'ignore_ament_install']
[1.351s] Level 1:colcon.colcon_core.package_identification:_identify(src/nano_test_pkg) by extension 'ignore'
[1.351s] Level 1:colcon.colcon_core.package_identification:_identify(src/nano_test_pkg) by extension 'ignore_ament_install'
[1.352s] Level 1:colcon.colcon_core.package_identification:_identify(src/nano_test_pkg) by extensions ['colcon_pkg']
[1.352s] Level 1:colcon.colcon_core.package_identification:_identify(src/nano_test_pkg) by extension 'colcon_pkg'
[1.352s] Level 1:colcon.colcon_core.package_identification:_identify(src/nano_test_pkg) by extensions ['colcon_meta']
[1.352s] Level 1:colcon.colcon_core.package_identification:_identify(src/nano_test_pkg) by extension 'colcon_meta'
[1.352s] Level 1:colcon.colcon_core.package_identification:_identify(src/nano_test_pkg) by extensions ['ros']
[1.352s] Level 1:colcon.colcon_core.package_identification:_identify(src/nano_test_pkg) by extension 'ros'
[1.358s] DEBUG:colcon.colcon_core.package_identification:Package 'src/nano_test_pkg' with type 'ros.ament_python' and name 'nano_test_pkg'
[1.359s] Level 1:colcon.colcon_core.package_identification:_identify(src/px4_msgs) by extensions ['ignore', 'ignore_ament_install']
[1.359s] Level 1:colcon.colcon_core.package_identification:_identify(src/px4_msgs) by extension 'ignore'
[1.360s] Level 1:colcon.colcon_core.package_identification:_identify(src/px4_msgs) by extension 'ignore_ament_install'
[1.360s] Level 1:colcon.colcon_core.package_identification:_identify(src/px4_msgs) by extensions ['colcon_pkg']
[1.360s] Level 1:colcon.colcon_core.package_identification:_identify(src/px4_msgs) by extension 'colcon_pkg'
[1.360s] Level 1:colcon.colcon_core.package_identification:_identify(src/px4_msgs) by extensions ['colcon_meta']
[1.360s] Level 1:colcon.colcon_core.package_identification:_identify(src/px4_msgs) by extension 'colcon_meta'
[1.361s] Level 1:colcon.colcon_core.package_identification:_identify(src/px4_msgs) by extensions ['ros']
[1.361s] Level 1:colcon.colcon_core.package_identification:_identify(src/px4_msgs) by extension 'ros'
[1.364s] DEBUG:colcon.colcon_core.package_identification:Package 'src/px4_msgs' with type 'ros.ament_cmake' and name 'px4_msgs'
[1.365s] Level 1:colcon.colcon_core.package_identification:_identify(src/px4_ros_com) by extensions ['ignore', 'ignore_ament_install']
[1.365s] Level 1:colcon.colcon_core.package_identification:_identify(src/px4_ros_com) by extension 'ignore'
[1.366s] Level 1:colcon.colcon_core.package_identification:_identify(src/px4_ros_com) by extension 'ignore_ament_install'
[1.366s] Level 1:colcon.colcon_core.package_identification:_identify(src/px4_ros_com) by extensions ['colcon_pkg']
[1.366s] Level 1:colcon.colcon_core.package_identification:_identify(src/px4_ros_com) by extension 'colcon_pkg'
[1.366s] Level 1:colcon.colcon_core.package_identification:_identify(src/px4_ros_com) by extensions ['colcon_meta']
[1.367s] Level 1:colcon.colcon_core.package_identification:_identify(src/px4_ros_com) by extension 'colcon_meta'
[1.367s] Level 1:colcon.colcon_core.package_identification:_identify(src/px4_ros_com) by extensions ['ros']
[1.367s] Level 1:colcon.colcon_core.package_identification:_identify(src/px4_ros_com) by extension 'ros'
[1.373s] DEBUG:colcon.colcon_core.package_identification:Package 'src/px4_ros_com' with type 'ros.ament_cmake' and name 'px4_ros_com'
[1.373s] Level 1:colcon.colcon_core.package_identification:_identify(src/v4l2_camera) by extensions ['ignore', 'ignore_ament_install']
[1.374s] Level 1:colcon.colcon_core.package_identification:_identify(src/v4l2_camera) by extension 'ignore'
[1.374s] Level 1:colcon.colcon_core.package_identification:_identify(src/v4l2_camera) by extension 'ignore_ament_install'
[1.374s] Level 1:colcon.colcon_core.package_identification:_identify(src/v4l2_camera) by extensions ['colcon_pkg']
[1.375s] Level 1:colcon.colcon_core.package_identification:_identify(src/v4l2_camera) by extension 'colcon_pkg'
[1.375s] Level 1:colcon.colcon_core.package_identification:_identify(src/v4l2_camera) by extensions ['colcon_meta']
[1.375s] Level 1:colcon.colcon_core.package_identification:_identify(src/v4l2_camera) by extension 'colcon_meta'
[1.375s] Level 1:colcon.colcon_core.package_identification:_identify(src/v4l2_camera) by extensions ['ros']
[1.375s] Level 1:colcon.colcon_core.package_identification:_identify(src/v4l2_camera) by extension 'ros'
[1.379s] DEBUG:colcon.colcon_core.package_identification:Package 'src/v4l2_camera' with type 'ros.ament_cmake' and name 'v4l2_camera'
[1.379s] Level 1:colcon.colcon_core.package_discovery:discover_packages(recursive) using defaults
[1.379s] Level 1:colcon.colcon_core.package_discovery:discover_packages(ignore) discover
[1.379s] Level 1:colcon.colcon_core.package_discovery:discover_packages(ignore) using defaults
[1.379s] Level 1:colcon.colcon_core.package_discovery:discover_packages(path) discover
[1.379s] Level 1:colcon.colcon_core.package_discovery:discover_packages(path) using defaults
[1.512s] ERROR:colcon.colcon_core.extension_point:Exception loading extension 'colcon_core.task.build.python': cannot import name 'OVERRIDE_OPT' from 'em' (/home/nano/.local/bin/em.py) The Python package 'empy' must be installed and 'em' must not be installed since both packages share the same namespace
Traceback (most recent call last):
  File "/home/nano/.local/lib/python3.10/site-packages/colcon_core/extension_point.py", line 169, in load_extension_points
    extension_type = load_extension_point(name, value, group)
  File "/home/nano/.local/lib/python3.10/site-packages/colcon_core/extension_point.py", line 210, in load_extension_point
    return EntryPoint(name, value, group).load()
  File "/usr/lib/python3.10/importlib/metadata/__init__.py", line 171, in load
    module = import_module(match.group('module'))
  File "/usr/lib/python3.10/importlib/__init__.py", line 126, in import_module
    return _bootstrap._gcd_import(name[level:], package, level)
  File "<frozen importlib._bootstrap>", line 1050, in _gcd_import
  File "<frozen importlib._bootstrap>", line 1027, in _find_and_load
  File "<frozen importlib._bootstrap>", line 1006, in _find_and_load_unlocked
  File "<frozen importlib._bootstrap>", line 688, in _load_unlocked
  File "<frozen importlib._bootstrap_external>", line 883, in exec_module
  File "<frozen importlib._bootstrap>", line 241, in _call_with_frames_removed
  File "/home/nano/.local/lib/python3.10/site-packages/colcon_core/task/python/build.py", line 24, in <module>
    from colcon_core.task.python.template import expand_template
  File "/home/nano/.local/lib/python3.10/site-packages/colcon_core/task/python/template/__init__.py", line 4, in <module>
    from colcon_core.shell.template import expand_template  # noqa: F401
  File "/home/nano/.local/lib/python3.10/site-packages/colcon_core/shell/template/__init__.py", line 19, in <module>
    raise e from None
  File "/home/nano/.local/lib/python3.10/site-packages/colcon_core/shell/template/__init__.py", line 10, in <module>
    from em import OVERRIDE_OPT
ImportError: cannot import name 'OVERRIDE_OPT' from 'em' (/home/nano/.local/bin/em.py) The Python package 'empy' must be installed and 'em' must not be installed since both packages share the same namespace

[1.521s] ERROR:colcon.colcon_core.extension_point:Exception loading extension 'colcon_core.task.build.ros.ament_python': cannot import name 'OVERRIDE_OPT' from 'em' (/home/nano/.local/bin/em.py) The Python package 'empy' must be installed and 'em' must not be installed since both packages share the same namespace
Traceback (most recent call last):
  File "/home/nano/.local/lib/python3.10/site-packages/colcon_core/extension_point.py", line 169, in load_extension_points
    extension_type = load_extension_point(name, value, group)
  File "/home/nano/.local/lib/python3.10/site-packages/colcon_core/extension_point.py", line 210, in load_extension_point
    return EntryPoint(name, value, group).load()
  File "/usr/lib/python3.10/importlib/metadata/__init__.py", line 171, in load
    module = import_module(match.group('module'))
  File "/usr/lib/python3.10/importlib/__init__.py", line 126, in import_module
    return _bootstrap._gcd_import(name[level:], package, level)
  File "<frozen importlib._bootstrap>", line 1050, in _gcd_import
  File "<frozen importlib._bootstrap>", line 1027, in _find_and_load
  File "<frozen importlib._bootstrap>", line 1006, in _find_and_load_unlocked
  File "<frozen importlib._bootstrap>", line 688, in _load_unlocked
  File "<frozen importlib._bootstrap_external>", line 883, in exec_module
  File "<frozen importlib._bootstrap>", line 241, in _call_with_frames_removed
  File "/home/nano/.local/lib/python3.10/site-packages/colcon_ros/task/ament_python/build.py", line 17, in <module>
    from colcon_core.task.python.build import PythonBuildTask
  File "/home/nano/.local/lib/python3.10/site-packages/colcon_core/task/python/build.py", line 24, in <module>
    from colcon_core.task.python.template import expand_template
  File "/home/nano/.local/lib/python3.10/site-packages/colcon_core/task/python/template/__init__.py", line 4, in <module>
    from colcon_core.shell.template import expand_template  # noqa: F401
  File "/home/nano/.local/lib/python3.10/site-packages/colcon_core/shell/template/__init__.py", line 19, in <module>
    raise e from None
  File "/home/nano/.local/lib/python3.10/site-packages/colcon_core/shell/template/__init__.py", line 10, in <module>
    from em import OVERRIDE_OPT
ImportError: cannot import name 'OVERRIDE_OPT' from 'em' (/home/nano/.local/bin/em.py) The Python package 'empy' must be installed and 'em' must not be installed since both packages share the same namespace

[1.522s] Level 5:colcon.colcon_core.verb:set package 'px4_msgs' build argument 'cmake_args' from command line to 'None'
[1.522s] Level 5:colcon.colcon_core.verb:set package 'px4_msgs' build argument 'cmake_target' from command line to 'None'
[1.522s] Level 5:colcon.colcon_core.verb:set package 'px4_msgs' build argument 'cmake_target_skip_unavailable' from command line to 'False'
[1.523s] Level 5:colcon.colcon_core.verb:set package 'px4_msgs' build argument 'cmake_clean_cache' from command line to 'False'
[1.523s] Level 5:colcon.colcon_core.verb:set package 'px4_msgs' build argument 'cmake_clean_first' from command line to 'False'
[1.523s] Level 5:colcon.colcon_core.verb:set package 'px4_msgs' build argument 'cmake_force_configure' from command line to 'False'
[1.523s] Level 5:colcon.colcon_core.verb:set package 'px4_msgs' build argument 'ament_cmake_args' from command line to 'None'
[1.523s] Level 5:colcon.colcon_core.verb:set package 'px4_msgs' build argument 'catkin_cmake_args' from command line to 'None'
[1.523s] Level 5:colcon.colcon_core.verb:set package 'px4_msgs' build argument 'catkin_skip_building_tests' from command line to 'False'
[1.523s] DEBUG:colcon.colcon_core.verb:Building package 'px4_msgs' with the following arguments: {'ament_cmake_args': None, 'build_base': '/home/nano/ros2_uav_ws/build/px4_msgs', 'catkin_cmake_args': None, 'catkin_skip_building_tests': False, 'cmake_args': None, 'cmake_clean_cache': False, 'cmake_clean_first': False, 'cmake_force_configure': False, 'cmake_target': None, 'cmake_target_skip_unavailable': False, 'install_base': '/home/nano/ros2_uav_ws/install/px4_msgs', 'merge_install': False, 'path': '/home/nano/ros2_uav_ws/src/px4_msgs', 'symlink_install': False, 'test_result_base': None}
[1.527s] ERROR:colcon.colcon_core.extension_point:Exception loading extension 'colcon_core.task.build.python': cannot import name 'OVERRIDE_OPT' from 'em' (/home/nano/.local/bin/em.py) The Python package 'empy' must be installed and 'em' must not be installed since both packages share the same namespace
Traceback (most recent call last):
  File "/home/nano/.local/lib/python3.10/site-packages/colcon_core/extension_point.py", line 169, in load_extension_points
    extension_type = load_extension_point(name, value, group)
  File "/home/nano/.local/lib/python3.10/site-packages/colcon_core/extension_point.py", line 210, in load_extension_point
    return EntryPoint(name, value, group).load()
  File "/usr/lib/python3.10/importlib/metadata/__init__.py", line 171, in load
    module = import_module(match.group('module'))
  File "/usr/lib/python3.10/importlib/__init__.py", line 126, in import_module
    return _bootstrap._gcd_import(name[level:], package, level)
  File "<frozen importlib._bootstrap>", line 1050, in _gcd_import
  File "<frozen importlib._bootstrap>", line 1027, in _find_and_load
  File "<frozen importlib._bootstrap>", line 1006, in _find_and_load_unlocked
  File "<frozen importlib._bootstrap>", line 688, in _load_unlocked
  File "<frozen importlib._bootstrap_external>", line 883, in exec_module
  File "<frozen importlib._bootstrap>", line 241, in _call_with_frames_removed
  File "/home/nano/.local/lib/python3.10/site-packages/colcon_core/task/python/build.py", line 24, in <module>
    from colcon_core.task.python.template import expand_template
  File "/home/nano/.local/lib/python3.10/site-packages/colcon_core/task/python/template/__init__.py", line 4, in <module>
    from colcon_core.shell.template import expand_template  # noqa: F401
  File "/home/nano/.local/lib/python3.10/site-packages/colcon_core/shell/template/__init__.py", line 19, in <module>
    raise e from None
  File "/home/nano/.local/lib/python3.10/site-packages/colcon_core/shell/template/__init__.py", line 10, in <module>
    from em import OVERRIDE_OPT
ImportError: cannot import name 'OVERRIDE_OPT' from 'em' (/home/nano/.local/bin/em.py) The Python package 'empy' must be installed and 'em' must not be installed since both packages share the same namespace

[1.531s] ERROR:colcon.colcon_core.extension_point:Exception loading extension 'colcon_core.task.build.ros.ament_python': cannot import name 'OVERRIDE_OPT' from 'em' (/home/nano/.local/bin/em.py) The Python package 'empy' must be installed and 'em' must not be installed since both packages share the same namespace
Traceback (most recent call last):
  File "/home/nano/.local/lib/python3.10/site-packages/colcon_core/extension_point.py", line 169, in load_extension_points
    extension_type = load_extension_point(name, value, group)
  File "/home/nano/.local/lib/python3.10/site-packages/colcon_core/extension_point.py", line 210, in load_extension_point
    return EntryPoint(name, value, group).load()
  File "/usr/lib/python3.10/importlib/metadata/__init__.py", line 171, in load
    module = import_module(match.group('module'))
  File "/usr/lib/python3.10/importlib/__init__.py", line 126, in import_module
    return _bootstrap._gcd_import(name[level:], package, level)
  File "<frozen importlib._bootstrap>", line 1050, in _gcd_import
  File "<frozen importlib._bootstrap>", line 1027, in _find_and_load
  File "<frozen importlib._bootstrap>", line 1006, in _find_and_load_unlocked
  File "<frozen importlib._bootstrap>", line 688, in _load_unlocked
  File "<frozen importlib._bootstrap_external>", line 883, in exec_module
  File "<frozen importlib._bootstrap>", line 241, in _call_with_frames_removed
  File "/home/nano/.local/lib/python3.10/site-packages/colcon_ros/task/ament_python/build.py", line 17, in <module>
    from colcon_core.task.python.build import PythonBuildTask
  File "/home/nano/.local/lib/python3.10/site-packages/colcon_core/task/python/build.py", line 24, in <module>
    from colcon_core.task.python.template import expand_template
  File "/home/nano/.local/lib/python3.10/site-packages/colcon_core/task/python/template/__init__.py", line 4, in <module>
    from colcon_core.shell.template import expand_template  # noqa: F401
  File "/home/nano/.local/lib/python3.10/site-packages/colcon_core/shell/template/__init__.py", line 19, in <module>
    raise e from None
  File "/home/nano/.local/lib/python3.10/site-packages/colcon_core/shell/template/__init__.py", line 10, in <module>
    from em import OVERRIDE_OPT
ImportError: cannot import name 'OVERRIDE_OPT' from 'em' (/home/nano/.local/bin/em.py) The Python package 'empy' must be installed and 'em' must not be installed since both packages share the same namespace

[1.533s] Level 5:colcon.colcon_core.verb:set package 'v4l2_camera' build argument 'cmake_args' from command line to 'None'
[1.533s] Level 5:colcon.colcon_core.verb:set package 'v4l2_camera' build argument 'cmake_target' from command line to 'None'
[1.533s] Level 5:colcon.colcon_core.verb:set package 'v4l2_camera' build argument 'cmake_target_skip_unavailable' from command line to 'False'
[1.534s] Level 5:colcon.colcon_core.verb:set package 'v4l2_camera' build argument 'cmake_clean_cache' from command line to 'False'
[1.534s] Level 5:colcon.colcon_core.verb:set package 'v4l2_camera' build argument 'cmake_clean_first' from command line to 'False'
[1.534s] Level 5:colcon.colcon_core.verb:set package 'v4l2_camera' build argument 'cmake_force_configure' from command line to 'False'
[1.534s] Level 5:colcon.colcon_core.verb:set package 'v4l2_camera' build argument 'ament_cmake_args' from command line to 'None'
[1.534s] Level 5:colcon.colcon_core.verb:set package 'v4l2_camera' build argument 'catkin_cmake_args' from command line to 'None'
[1.534s] Level 5:colcon.colcon_core.verb:set package 'v4l2_camera' build argument 'catkin_skip_building_tests' from command line to 'False'
[1.534s] DEBUG:colcon.colcon_core.verb:Building package 'v4l2_camera' with the following arguments: {'ament_cmake_args': None, 'build_base': '/home/nano/ros2_uav_ws/build/v4l2_camera', 'catkin_cmake_args': None, 'catkin_skip_building_tests': False, 'cmake_args': None, 'cmake_clean_cache': False, 'cmake_clean_first': False, 'cmake_force_configure': False, 'cmake_target': None, 'cmake_target_skip_unavailable': False, 'install_base': '/home/nano/ros2_uav_ws/install/v4l2_camera', 'merge_install': False, 'path': '/home/nano/ros2_uav_ws/src/v4l2_camera', 'symlink_install': False, 'test_result_base': None}
[1.538s] ERROR:colcon.colcon_core.extension_point:Exception loading extension 'colcon_core.task.build.python': cannot import name 'OVERRIDE_OPT' from 'em' (/home/nano/.local/bin/em.py) The Python package 'empy' must be installed and 'em' must not be installed since both packages share the same namespace
Traceback (most recent call last):
  File "/home/nano/.local/lib/python3.10/site-packages/colcon_core/extension_point.py", line 169, in load_extension_points
    extension_type = load_extension_point(name, value, group)
  File "/home/nano/.local/lib/python3.10/site-packages/colcon_core/extension_point.py", line 210, in load_extension_point
    return EntryPoint(name, value, group).load()
  File "/usr/lib/python3.10/importlib/metadata/__init__.py", line 171, in load
    module = import_module(match.group('module'))
  File "/usr/lib/python3.10/importlib/__init__.py", line 126, in import_module
    return _bootstrap._gcd_import(name[level:], package, level)
  File "<frozen importlib._bootstrap>", line 1050, in _gcd_import
  File "<frozen importlib._bootstrap>", line 1027, in _find_and_load
  File "<frozen importlib._bootstrap>", line 1006, in _find_and_load_unlocked
  File "<frozen importlib._bootstrap>", line 688, in _load_unlocked
  File "<frozen importlib._bootstrap_external>", line 883, in exec_module
  File "<frozen importlib._bootstrap>", line 241, in _call_with_frames_removed
  File "/home/nano/.local/lib/python3.10/site-packages/colcon_core/task/python/build.py", line 24, in <module>
    from colcon_core.task.python.template import expand_template
  File "/home/nano/.local/lib/python3.10/site-packages/colcon_core/task/python/template/__init__.py", line 4, in <module>
    from colcon_core.shell.template import expand_template  # noqa: F401
  File "/home/nano/.local/lib/python3.10/site-packages/colcon_core/shell/template/__init__.py", line 19, in <module>
    raise e from None
  File "/home/nano/.local/lib/python3.10/site-packages/colcon_core/shell/template/__init__.py", line 10, in <module>
    from em import OVERRIDE_OPT
ImportError: cannot import name 'OVERRIDE_OPT' from 'em' (/home/nano/.local/bin/em.py) The Python package 'empy' must be installed and 'em' must not be installed since both packages share the same namespace

[1.543s] ERROR:colcon.colcon_core.extension_point:Exception loading extension 'colcon_core.task.build.ros.ament_python': cannot import name 'OVERRIDE_OPT' from 'em' (/home/nano/.local/bin/em.py) The Python package 'empy' must be installed and 'em' must not be installed since both packages share the same namespace
Traceback (most recent call last):
  File "/home/nano/.local/lib/python3.10/site-packages/colcon_core/extension_point.py", line 169, in load_extension_points
    extension_type = load_extension_point(name, value, group)
  File "/home/nano/.local/lib/python3.10/site-packages/colcon_core/extension_point.py", line 210, in load_extension_point
    return EntryPoint(name, value, group).load()
  File "/usr/lib/python3.10/importlib/metadata/__init__.py", line 171, in load
    module = import_module(match.group('module'))
  File "/usr/lib/python3.10/importlib/__init__.py", line 126, in import_module
    return _bootstrap._gcd_import(name[level:], package, level)
  File "<frozen importlib._bootstrap>", line 1050, in _gcd_import
  File "<frozen importlib._bootstrap>", line 1027, in _find_and_load
  File "<frozen importlib._bootstrap>", line 1006, in _find_and_load_unlocked
  File "<frozen importlib._bootstrap>", line 688, in _load_unlocked
  File "<frozen importlib._bootstrap_external>", line 883, in exec_module
  File "<frozen importlib._bootstrap>", line 241, in _call_with_frames_removed
  File "/home/nano/.local/lib/python3.10/site-packages/colcon_ros/task/ament_python/build.py", line 17, in <module>
    from colcon_core.task.python.build import PythonBuildTask
  File "/home/nano/.local/lib/python3.10/site-packages/colcon_core/task/python/build.py", line 24, in <module>
    from colcon_core.task.python.template import expand_template
  File "/home/nano/.local/lib/python3.10/site-packages/colcon_core/task/python/template/__init__.py", line 4, in <module>
    from colcon_core.shell.template import expand_template  # noqa: F401
  File "/home/nano/.local/lib/python3.10/site-packages/colcon_core/shell/template/__init__.py", line 19, in <module>
    raise e from None
  File "/home/nano/.local/lib/python3.10/site-packages/colcon_core/shell/template/__init__.py", line 10, in <module>
    from em import OVERRIDE_OPT
ImportError: cannot import name 'OVERRIDE_OPT' from 'em' (/home/nano/.local/bin/em.py) The Python package 'empy' must be installed and 'em' must not be installed since both packages share the same namespace

[1.545s] WARNING:colcon.colcon_core.verb:No task extension to 'build' a 'ros.ament_python' package
[1.549s] ERROR:colcon.colcon_core.extension_point:Exception loading extension 'colcon_core.task.build.python': cannot import name 'OVERRIDE_OPT' from 'em' (/home/nano/.local/bin/em.py) The Python package 'empy' must be installed and 'em' must not be installed since both packages share the same namespace
Traceback (most recent call last):
  File "/home/nano/.local/lib/python3.10/site-packages/colcon_core/extension_point.py", line 169, in load_extension_points
    extension_type = load_extension_point(name, value, group)
  File "/home/nano/.local/lib/python3.10/site-packages/colcon_core/extension_point.py", line 210, in load_extension_point
    return EntryPoint(name, value, group).load()
  File "/usr/lib/python3.10/importlib/metadata/__init__.py", line 171, in load
    module = import_module(match.group('module'))
  File "/usr/lib/python3.10/importlib/__init__.py", line 126, in import_module
    return _bootstrap._gcd_import(name[level:], package, level)
  File "<frozen importlib._bootstrap>", line 1050, in _gcd_import
  File "<frozen importlib._bootstrap>", line 1027, in _find_and_load
  File "<frozen importlib._bootstrap>", line 1006, in _find_and_load_unlocked
  File "<frozen importlib._bootstrap>", line 688, in _load_unlocked
  File "<frozen importlib._bootstrap_external>", line 883, in exec_module
  File "<frozen importlib._bootstrap>", line 241, in _call_with_frames_removed
  File "/home/nano/.local/lib/python3.10/site-packages/colcon_core/task/python/build.py", line 24, in <module>
    from colcon_core.task.python.template import expand_template
  File "/home/nano/.local/lib/python3.10/site-packages/colcon_core/task/python/template/__init__.py", line 4, in <module>
    from colcon_core.shell.template import expand_template  # noqa: F401
  File "/home/nano/.local/lib/python3.10/site-packages/colcon_core/shell/template/__init__.py", line 19, in <module>
    raise e from None
  File "/home/nano/.local/lib/python3.10/site-packages/colcon_core/shell/template/__init__.py", line 10, in <module>
    from em import OVERRIDE_OPT
ImportError: cannot import name 'OVERRIDE_OPT' from 'em' (/home/nano/.local/bin/em.py) The Python package 'empy' must be installed and 'em' must not be installed since both packages share the same namespace

[1.554s] ERROR:colcon.colcon_core.extension_point:Exception loading extension 'colcon_core.task.build.ros.ament_python': cannot import name 'OVERRIDE_OPT' from 'em' (/home/nano/.local/bin/em.py) The Python package 'empy' must be installed and 'em' must not be installed since both packages share the same namespace
Traceback (most recent call last):
  File "/home/nano/.local/lib/python3.10/site-packages/colcon_core/extension_point.py", line 169, in load_extension_points
    extension_type = load_extension_point(name, value, group)
  File "/home/nano/.local/lib/python3.10/site-packages/colcon_core/extension_point.py", line 210, in load_extension_point
    return EntryPoint(name, value, group).load()
  File "/usr/lib/python3.10/importlib/metadata/__init__.py", line 171, in load
    module = import_module(match.group('module'))
  File "/usr/lib/python3.10/importlib/__init__.py", line 126, in import_module
    return _bootstrap._gcd_import(name[level:], package, level)
  File "<frozen importlib._bootstrap>", line 1050, in _gcd_import
  File "<frozen importlib._bootstrap>", line 1027, in _find_and_load
  File "<frozen importlib._bootstrap>", line 1006, in _find_and_load_unlocked
  File "<frozen importlib._bootstrap>", line 688, in _load_unlocked
  File "<frozen importlib._bootstrap_external>", line 883, in exec_module
  File "<frozen importlib._bootstrap>", line 241, in _call_with_frames_removed
  File "/home/nano/.local/lib/python3.10/site-packages/colcon_ros/task/ament_python/build.py", line 17, in <module>
    from colcon_core.task.python.build import PythonBuildTask
  File "/home/nano/.local/lib/python3.10/site-packages/colcon_core/task/python/build.py", line 24, in <module>
    from colcon_core.task.python.template import expand_template
  File "/home/nano/.local/lib/python3.10/site-packages/colcon_core/task/python/template/__init__.py", line 4, in <module>
    from colcon_core.shell.template import expand_template  # noqa: F401
  File "/home/nano/.local/lib/python3.10/site-packages/colcon_core/shell/template/__init__.py", line 19, in <module>
    raise e from None
  File "/home/nano/.local/lib/python3.10/site-packages/colcon_core/shell/template/__init__.py", line 10, in <module>
    from em import OVERRIDE_OPT
ImportError: cannot import name 'OVERRIDE_OPT' from 'em' (/home/nano/.local/bin/em.py) The Python package 'empy' must be installed and 'em' must not be installed since both packages share the same namespace

[1.555s] Level 5:colcon.colcon_core.verb:set package 'px4_ros_com' build argument 'cmake_args' from command line to 'None'
[1.555s] Level 5:colcon.colcon_core.verb:set package 'px4_ros_com' build argument 'cmake_target' from command line to 'None'
[1.556s] Level 5:colcon.colcon_core.verb:set package 'px4_ros_com' build argument 'cmake_target_skip_unavailable' from command line to 'False'
[1.556s] Level 5:colcon.colcon_core.verb:set package 'px4_ros_com' build argument 'cmake_clean_cache' from command line to 'False'
[1.556s] Level 5:colcon.colcon_core.verb:set package 'px4_ros_com' build argument 'cmake_clean_first' from command line to 'False'
[1.556s] Level 5:colcon.colcon_core.verb:set package 'px4_ros_com' build argument 'cmake_force_configure' from command line to 'False'
[1.556s] Level 5:colcon.colcon_core.verb:set package 'px4_ros_com' build argument 'ament_cmake_args' from command line to 'None'
[1.556s] Level 5:colcon.colcon_core.verb:set package 'px4_ros_com' build argument 'catkin_cmake_args' from command line to 'None'
[1.556s] Level 5:colcon.colcon_core.verb:set package 'px4_ros_com' build argument 'catkin_skip_building_tests' from command line to 'False'
[1.556s] DEBUG:colcon.colcon_core.verb:Building package 'px4_ros_com' with the following arguments: {'ament_cmake_args': None, 'build_base': '/home/nano/ros2_uav_ws/build/px4_ros_com', 'catkin_cmake_args': None, 'catkin_skip_building_tests': False, 'cmake_args': None, 'cmake_clean_cache': False, 'cmake_clean_first': False, 'cmake_force_configure': False, 'cmake_target': None, 'cmake_target_skip_unavailable': False, 'install_base': '/home/nano/ros2_uav_ws/install/px4_ros_com', 'merge_install': False, 'path': '/home/nano/ros2_uav_ws/src/px4_ros_com', 'symlink_install': False, 'test_result_base': None}
[1.559s] ERROR:colcon.colcon_core.extension_point:Exception loading extension 'colcon_core.task.build.python': cannot import name 'OVERRIDE_OPT' from 'em' (/home/nano/.local/bin/em.py) The Python package 'empy' must be installed and 'em' must not be installed since both packages share the same namespace
Traceback (most recent call last):
  File "/home/nano/.local/lib/python3.10/site-packages/colcon_core/extension_point.py", line 169, in load_extension_points
    extension_type = load_extension_point(name, value, group)
  File "/home/nano/.local/lib/python3.10/site-packages/colcon_core/extension_point.py", line 210, in load_extension_point
    return EntryPoint(name, value, group).load()
  File "/usr/lib/python3.10/importlib/metadata/__init__.py", line 171, in load
    module = import_module(match.group('module'))
  File "/usr/lib/python3.10/importlib/__init__.py", line 126, in import_module
    return _bootstrap._gcd_import(name[level:], package, level)
  File "<frozen importlib._bootstrap>", line 1050, in _gcd_import
  File "<frozen importlib._bootstrap>", line 1027, in _find_and_load
  File "<frozen importlib._bootstrap>", line 1006, in _find_and_load_unlocked
  File "<frozen importlib._bootstrap>", line 688, in _load_unlocked
  File "<frozen importlib._bootstrap_external>", line 883, in exec_module
  File "<frozen importlib._bootstrap>", line 241, in _call_with_frames_removed
  File "/home/nano/.local/lib/python3.10/site-packages/colcon_core/task/python/build.py", line 24, in <module>
    from colcon_core.task.python.template import expand_template
  File "/home/nano/.local/lib/python3.10/site-packages/colcon_core/task/python/template/__init__.py", line 4, in <module>
    from colcon_core.shell.template import expand_template  # noqa: F401
  File "/home/nano/.local/lib/python3.10/site-packages/colcon_core/shell/template/__init__.py", line 19, in <module>
    raise e from None
  File "/home/nano/.local/lib/python3.10/site-packages/colcon_core/shell/template/__init__.py", line 10, in <module>
    from em import OVERRIDE_OPT
ImportError: cannot import name 'OVERRIDE_OPT' from 'em' (/home/nano/.local/bin/em.py) The Python package 'empy' must be installed and 'em' must not be installed since both packages share the same namespace

[1.564s] ERROR:colcon.colcon_core.extension_point:Exception loading extension 'colcon_core.task.build.ros.ament_python': cannot import name 'OVERRIDE_OPT' from 'em' (/home/nano/.local/bin/em.py) The Python package 'empy' must be installed and 'em' must not be installed since both packages share the same namespace
Traceback (most recent call last):
  File "/home/nano/.local/lib/python3.10/site-packages/colcon_core/extension_point.py", line 169, in load_extension_points
    extension_type = load_extension_point(name, value, group)
  File "/home/nano/.local/lib/python3.10/site-packages/colcon_core/extension_point.py", line 210, in load_extension_point
    return EntryPoint(name, value, group).load()
  File "/usr/lib/python3.10/importlib/metadata/__init__.py", line 171, in load
    module = import_module(match.group('module'))
  File "/usr/lib/python3.10/importlib/__init__.py", line 126, in import_module
    return _bootstrap._gcd_import(name[level:], package, level)
  File "<frozen importlib._bootstrap>", line 1050, in _gcd_import
  File "<frozen importlib._bootstrap>", line 1027, in _find_and_load
  File "<frozen importlib._bootstrap>", line 1006, in _find_and_load_unlocked
  File "<frozen importlib._bootstrap>", line 688, in _load_unlocked
  File "<frozen importlib._bootstrap_external>", line 883, in exec_module
  File "<frozen importlib._bootstrap>", line 241, in _call_with_frames_removed
  File "/home/nano/.local/lib/python3.10/site-packages/colcon_ros/task/ament_python/build.py", line 17, in <module>
    from colcon_core.task.python.build import PythonBuildTask
  File "/home/nano/.local/lib/python3.10/site-packages/colcon_core/task/python/build.py", line 24, in <module>
    from colcon_core.task.python.template import expand_template
  File "/home/nano/.local/lib/python3.10/site-packages/colcon_core/task/python/template/__init__.py", line 4, in <module>
    from colcon_core.shell.template import expand_template  # noqa: F401
  File "/home/nano/.local/lib/python3.10/site-packages/colcon_core/shell/template/__init__.py", line 19, in <module>
    raise e from None
  File "/home/nano/.local/lib/python3.10/site-packages/colcon_core/shell/template/__init__.py", line 10, in <module>
    from em import OVERRIDE_OPT
ImportError: cannot import name 'OVERRIDE_OPT' from 'em' (/home/nano/.local/bin/em.py) The Python package 'empy' must be installed and 'em' must not be installed since both packages share the same namespace

[1.565s] WARNING:colcon.colcon_core.verb:No task extension to 'build' a 'ros.ament_python' package
[1.566s] INFO:colcon.colcon_core.executor:Executing jobs using 'parallel' executor
[1.570s] DEBUG:colcon.colcon_parallel_executor.executor.parallel:run_until_complete
[1.571s] INFO:colcon.colcon_ros.task.ament_cmake.build:Building ROS package in '/home/nano/ros2_uav_ws/src/px4_msgs' with build type 'ament_cmake'
[1.572s] INFO:colcon.colcon_cmake.task.cmake.build:Building CMake package in '/home/nano/ros2_uav_ws/src/px4_msgs'
[1.581s] ERROR:colcon.colcon_core.extension_point:Exception loading extension 'colcon_core.shell.bat': cannot import name 'OVERRIDE_OPT' from 'em' (/home/nano/.local/bin/em.py) The Python package 'empy' must be installed and 'em' must not be installed since both packages share the same namespace
Traceback (most recent call last):
  File "/home/nano/.local/lib/python3.10/site-packages/colcon_core/extension_point.py", line 169, in load_extension_points
    extension_type = load_extension_point(name, value, group)
  File "/home/nano/.local/lib/python3.10/site-packages/colcon_core/extension_point.py", line 210, in load_extension_point
    return EntryPoint(name, value, group).load()
  File "/usr/lib/python3.10/importlib/metadata/__init__.py", line 171, in load
    module = import_module(match.group('module'))
  File "/usr/lib/python3.10/importlib/__init__.py", line 126, in import_module
    return _bootstrap._gcd_import(name[level:], package, level)
  File "<frozen importlib._bootstrap>", line 1050, in _gcd_import
  File "<frozen importlib._bootstrap>", line 1027, in _find_and_load
  File "<frozen importlib._bootstrap>", line 1006, in _find_and_load_unlocked
  File "<frozen importlib._bootstrap>", line 688, in _load_unlocked
  File "<frozen importlib._bootstrap_external>", line 883, in exec_module
  File "<frozen importlib._bootstrap>", line 241, in _call_with_frames_removed
  File "/home/nano/.local/lib/python3.10/site-packages/colcon_core/shell/bat.py", line 15, in <module>
    from colcon_core.shell.template import expand_template
  File "/home/nano/.local/lib/python3.10/site-packages/colcon_core/shell/template/__init__.py", line 19, in <module>
    raise e from None
  File "/home/nano/.local/lib/python3.10/site-packages/colcon_core/shell/template/__init__.py", line 10, in <module>
    from em import OVERRIDE_OPT
ImportError: cannot import name 'OVERRIDE_OPT' from 'em' (/home/nano/.local/bin/em.py) The Python package 'empy' must be installed and 'em' must not be installed since both packages share the same namespace

[1.587s] ERROR:colcon.colcon_core.extension_point:Exception loading extension 'colcon_core.shell.dsv': cannot import name 'OVERRIDE_OPT' from 'em' (/home/nano/.local/bin/em.py) The Python package 'empy' must be installed and 'em' must not be installed since both packages share the same namespace
Traceback (most recent call last):
  File "/home/nano/.local/lib/python3.10/site-packages/colcon_core/extension_point.py", line 169, in load_extension_points
    extension_type = load_extension_point(name, value, group)
  File "/home/nano/.local/lib/python3.10/site-packages/colcon_core/extension_point.py", line 210, in load_extension_point
    return EntryPoint(name, value, group).load()
  File "/usr/lib/python3.10/importlib/metadata/__init__.py", line 171, in load
    module = import_module(match.group('module'))
  File "/usr/lib/python3.10/importlib/__init__.py", line 126, in import_module
    return _bootstrap._gcd_import(name[level:], package, level)
  File "<frozen importlib._bootstrap>", line 1050, in _gcd_import
  File "<frozen importlib._bootstrap>", line 1027, in _find_and_load
  File "<frozen importlib._bootstrap>", line 1006, in _find_and_load_unlocked
  File "<frozen importlib._bootstrap>", line 688, in _load_unlocked
  File "<frozen importlib._bootstrap_external>", line 883, in exec_module
  File "<frozen importlib._bootstrap>", line 241, in _call_with_frames_removed
  File "/home/nano/.local/lib/python3.10/site-packages/colcon_core/shell/dsv.py", line 9, in <module>
    from colcon_core.shell.template import expand_template
  File "/home/nano/.local/lib/python3.10/site-packages/colcon_core/shell/template/__init__.py", line 19, in <module>
    raise e from None
  File "/home/nano/.local/lib/python3.10/site-packages/colcon_core/shell/template/__init__.py", line 10, in <module>
    from em import OVERRIDE_OPT
ImportError: cannot import name 'OVERRIDE_OPT' from 'em' (/home/nano/.local/bin/em.py) The Python package 'empy' must be installed and 'em' must not be installed since both packages share the same namespace

[1.592s] ERROR:colcon.colcon_core.extension_point:Exception loading extension 'colcon_core.shell.sh': cannot import name 'OVERRIDE_OPT' from 'em' (/home/nano/.local/bin/em.py) The Python package 'empy' must be installed and 'em' must not be installed since both packages share the same namespace
Traceback (most recent call last):
  File "/home/nano/.local/lib/python3.10/site-packages/colcon_core/extension_point.py", line 169, in load_extension_points
    extension_type = load_extension_point(name, value, group)
  File "/home/nano/.local/lib/python3.10/site-packages/colcon_core/extension_point.py", line 210, in load_extension_point
    return EntryPoint(name, value, group).load()
  File "/usr/lib/python3.10/importlib/metadata/__init__.py", line 171, in load
    module = import_module(match.group('module'))
  File "/usr/lib/python3.10/importlib/__init__.py", line 126, in import_module
    return _bootstrap._gcd_import(name[level:], package, level)
  File "<frozen importlib._bootstrap>", line 1050, in _gcd_import
  File "<frozen importlib._bootstrap>", line 1027, in _find_and_load
  File "<frozen importlib._bootstrap>", line 1006, in _find_and_load_unlocked
  File "<frozen importlib._bootstrap>", line 688, in _load_unlocked
  File "<frozen importlib._bootstrap_external>", line 883, in exec_module
  File "<frozen importlib._bootstrap>", line 241, in _call_with_frames_removed
  File "/home/nano/.local/lib/python3.10/site-packages/colcon_core/shell/sh.py", line 15, in <module>
    from colcon_core.shell.template import expand_template
  File "/home/nano/.local/lib/python3.10/site-packages/colcon_core/shell/template/__init__.py", line 19, in <module>
    raise e from None
  File "/home/nano/.local/lib/python3.10/site-packages/colcon_core/shell/template/__init__.py", line 10, in <module>
    from em import OVERRIDE_OPT
ImportError: cannot import name 'OVERRIDE_OPT' from 'em' (/home/nano/.local/bin/em.py) The Python package 'empy' must be installed and 'em' must not be installed since both packages share the same namespace

[1.602s] ERROR:colcon.colcon_core.extension_point:Exception loading extension 'colcon_core.shell.zsh': cannot import name 'OVERRIDE_OPT' from 'em' (/home/nano/.local/bin/em.py) The Python package 'empy' must be installed and 'em' must not be installed since both packages share the same namespace
Traceback (most recent call last):
  File "/home/nano/.local/lib/python3.10/site-packages/colcon_core/extension_point.py", line 169, in load_extension_points
    extension_type = load_extension_point(name, value, group)
  File "/home/nano/.local/lib/python3.10/site-packages/colcon_core/extension_point.py", line 210, in load_extension_point
    return EntryPoint(name, value, group).load()
  File "/usr/lib/python3.10/importlib/metadata/__init__.py", line 171, in load
    module = import_module(match.group('module'))
  File "/usr/lib/python3.10/importlib/__init__.py", line 126, in import_module
    return _bootstrap._gcd_import(name[level:], package, level)
  File "<frozen importlib._bootstrap>", line 1050, in _gcd_import
  File "<frozen importlib._bootstrap>", line 1027, in _find_and_load
  File "<frozen importlib._bootstrap>", line 1006, in _find_and_load_unlocked
  File "<frozen importlib._bootstrap>", line 688, in _load_unlocked
  File "<frozen importlib._bootstrap_external>", line 883, in exec_module
  File "<frozen importlib._bootstrap>", line 241, in _call_with_frames_removed
  File "/home/nano/.local/lib/python3.10/site-packages/colcon_zsh/shell/zsh.py", line 13, in <module>
    from colcon_core.shell.template import expand_template
  File "/home/nano/.local/lib/python3.10/site-packages/colcon_core/shell/template/__init__.py", line 19, in <module>
    raise e from None
  File "/home/nano/.local/lib/python3.10/site-packages/colcon_core/shell/template/__init__.py", line 10, in <module>
    from em import OVERRIDE_OPT
ImportError: cannot import name 'OVERRIDE_OPT' from 'em' (/home/nano/.local/bin/em.py) The Python package 'empy' must be installed and 'em' must not be installed since both packages share the same namespace

[1.605s] ERROR:colcon.colcon_core.extension_point:Exception loading extension 'colcon_core.shell.powershell': cannot import name 'OVERRIDE_OPT' from 'em' (/home/nano/.local/bin/em.py) The Python package 'empy' must be installed and 'em' must not be installed since both packages share the same namespace
Traceback (most recent call last):
  File "/home/nano/.local/lib/python3.10/site-packages/colcon_core/extension_point.py", line 169, in load_extension_points
    extension_type = load_extension_point(name, value, group)
  File "/home/nano/.local/lib/python3.10/site-packages/colcon_core/extension_point.py", line 210, in load_extension_point
    return EntryPoint(name, value, group).load()
  File "/usr/lib/python3.10/importlib/metadata/__init__.py", line 171, in load
    module = import_module(match.group('module'))
  File "/usr/lib/python3.10/importlib/__init__.py", line 126, in import_module
    return _bootstrap._gcd_import(name[level:], package, level)
  File "<frozen importlib._bootstrap>", line 1050, in _gcd_import
  File "<frozen importlib._bootstrap>", line 1027, in _find_and_load
  File "<frozen importlib._bootstrap>", line 1006, in _find_and_load_unlocked
  File "<frozen importlib._bootstrap>", line 688, in _load_unlocked
  File "<frozen importlib._bootstrap_external>", line 883, in exec_module
  File "<frozen importlib._bootstrap>", line 241, in _call_with_frames_removed
  File "/home/nano/.local/lib/python3.10/site-packages/colcon_powershell/shell/powershell.py", line 17, in <module>
    from colcon_core.shell.template import expand_template
  File "/home/nano/.local/lib/python3.10/site-packages/colcon_core/shell/template/__init__.py", line 19, in <module>
    raise e from None
  File "/home/nano/.local/lib/python3.10/site-packages/colcon_core/shell/template/__init__.py", line 10, in <module>
    from em import OVERRIDE_OPT
ImportError: cannot import name 'OVERRIDE_OPT' from 'em' (/home/nano/.local/bin/em.py) The Python package 'empy' must be installed and 'em' must not be installed since both packages share the same namespace

[1.618s] ERROR:colcon.colcon_core.extension_point:Exception loading extension 'colcon_core.shell.bash': cannot import name 'OVERRIDE_OPT' from 'em' (/home/nano/.local/bin/em.py) The Python package 'empy' must be installed and 'em' must not be installed since both packages share the same namespace
Traceback (most recent call last):
  File "/home/nano/.local/lib/python3.10/site-packages/colcon_core/extension_point.py", line 169, in load_extension_points
    extension_type = load_extension_point(name, value, group)
  File "/home/nano/.local/lib/python3.10/site-packages/colcon_core/extension_point.py", line 210, in load_extension_point
    return EntryPoint(name, value, group).load()
  File "/usr/lib/python3.10/importlib/metadata/__init__.py", line 171, in load
    module = import_module(match.group('module'))
  File "/usr/lib/python3.10/importlib/__init__.py", line 126, in import_module
    return _bootstrap._gcd_import(name[level:], package, level)
  File "<frozen importlib._bootstrap>", line 1050, in _gcd_import
  File "<frozen importlib._bootstrap>", line 1027, in _find_and_load
  File "<frozen importlib._bootstrap>", line 1006, in _find_and_load_unlocked
  File "<frozen importlib._bootstrap>", line 688, in _load_unlocked
  File "<frozen importlib._bootstrap_external>", line 883, in exec_module
  File "<frozen importlib._bootstrap>", line 241, in _call_with_frames_removed
  File "/home/nano/.local/lib/python3.10/site-packages/colcon_bash/shell/bash.py", line 13, in <module>
    from colcon_core.shell.template import expand_template
  File "/home/nano/.local/lib/python3.10/site-packages/colcon_core/shell/template/__init__.py", line 19, in <module>
    raise e from None
  File "/home/nano/.local/lib/python3.10/site-packages/colcon_core/shell/template/__init__.py", line 10, in <module>
    from em import OVERRIDE_OPT
ImportError: cannot import name 'OVERRIDE_OPT' from 'em' (/home/nano/.local/bin/em.py) The Python package 'empy' must be installed and 'em' must not be installed since both packages share the same namespace

[1.618s] ERROR:colcon.colcon_cmake.task.cmake.build:Could not find a shell extension for the command environment
[1.627s] INFO:colcon.colcon_ros.task.ament_cmake.build:Building ROS package in '/home/nano/ros2_uav_ws/src/v4l2_camera' with build type 'ament_cmake'
[1.627s] INFO:colcon.colcon_cmake.task.cmake.build:Building CMake package in '/home/nano/ros2_uav_ws/src/v4l2_camera'
[1.632s] ERROR:colcon.colcon_core.extension_point:Exception loading extension 'colcon_core.shell.bat': cannot import name 'OVERRIDE_OPT' from 'em' (/home/nano/.local/bin/em.py) The Python package 'empy' must be installed and 'em' must not be installed since both packages share the same namespace
Traceback (most recent call last):
  File "/home/nano/.local/lib/python3.10/site-packages/colcon_core/extension_point.py", line 169, in load_extension_points
    extension_type = load_extension_point(name, value, group)
  File "/home/nano/.local/lib/python3.10/site-packages/colcon_core/extension_point.py", line 210, in load_extension_point
    return EntryPoint(name, value, group).load()
  File "/usr/lib/python3.10/importlib/metadata/__init__.py", line 171, in load
    module = import_module(match.group('module'))
  File "/usr/lib/python3.10/importlib/__init__.py", line 126, in import_module
    return _bootstrap._gcd_import(name[level:], package, level)
  File "<frozen importlib._bootstrap>", line 1050, in _gcd_import
  File "<frozen importlib._bootstrap>", line 1027, in _find_and_load
  File "<frozen importlib._bootstrap>", line 1006, in _find_and_load_unlocked
  File "<frozen importlib._bootstrap>", line 688, in _load_unlocked
  File "<frozen importlib._bootstrap_external>", line 883, in exec_module
  File "<frozen importlib._bootstrap>", line 241, in _call_with_frames_removed
  File "/home/nano/.local/lib/python3.10/site-packages/colcon_core/shell/bat.py", line 15, in <module>
    from colcon_core.shell.template import expand_template
  File "/home/nano/.local/lib/python3.10/site-packages/colcon_core/shell/template/__init__.py", line 19, in <module>
    raise e from None
  File "/home/nano/.local/lib/python3.10/site-packages/colcon_core/shell/template/__init__.py", line 10, in <module>
    from em import OVERRIDE_OPT
ImportError: cannot import name 'OVERRIDE_OPT' from 'em' (/home/nano/.local/bin/em.py) The Python package 'empy' must be installed and 'em' must not be installed since both packages share the same namespace

[1.636s] ERROR:colcon.colcon_core.extension_point:Exception loading extension 'colcon_core.shell.dsv': cannot import name 'OVERRIDE_OPT' from 'em' (/home/nano/.local/bin/em.py) The Python package 'empy' must be installed and 'em' must not be installed since both packages share the same namespace
Traceback (most recent call last):
  File "/home/nano/.local/lib/python3.10/site-packages/colcon_core/extension_point.py", line 169, in load_extension_points
    extension_type = load_extension_point(name, value, group)
  File "/home/nano/.local/lib/python3.10/site-packages/colcon_core/extension_point.py", line 210, in load_extension_point
    return EntryPoint(name, value, group).load()
  File "/usr/lib/python3.10/importlib/metadata/__init__.py", line 171, in load
    module = import_module(match.group('module'))
  File "/usr/lib/python3.10/importlib/__init__.py", line 126, in import_module
    return _bootstrap._gcd_import(name[level:], package, level)
  File "<frozen importlib._bootstrap>", line 1050, in _gcd_import
  File "<frozen importlib._bootstrap>", line 1027, in _find_and_load
  File "<frozen importlib._bootstrap>", line 1006, in _find_and_load_unlocked
  File "<frozen importlib._bootstrap>", line 688, in _load_unlocked
  File "<frozen importlib._bootstrap_external>", line 883, in exec_module
  File "<frozen importlib._bootstrap>", line 241, in _call_with_frames_removed
  File "/home/nano/.local/lib/python3.10/site-packages/colcon_core/shell/dsv.py", line 9, in <module>
    from colcon_core.shell.template import expand_template
  File "/home/nano/.local/lib/python3.10/site-packages/colcon_core/shell/template/__init__.py", line 19, in <module>
    raise e from None
  File "/home/nano/.local/lib/python3.10/site-packages/colcon_core/shell/template/__init__.py", line 10, in <module>
    from em import OVERRIDE_OPT
ImportError: cannot import name 'OVERRIDE_OPT' from 'em' (/home/nano/.local/bin/em.py) The Python package 'empy' must be installed and 'em' must not be installed since both packages share the same namespace

[1.640s] ERROR:colcon.colcon_core.extension_point:Exception loading extension 'colcon_core.shell.sh': cannot import name 'OVERRIDE_OPT' from 'em' (/home/nano/.local/bin/em.py) The Python package 'empy' must be installed and 'em' must not be installed since both packages share the same namespace
Traceback (most recent call last):
  File "/home/nano/.local/lib/python3.10/site-packages/colcon_core/extension_point.py", line 169, in load_extension_points
    extension_type = load_extension_point(name, value, group)
  File "/home/nano/.local/lib/python3.10/site-packages/colcon_core/extension_point.py", line 210, in load_extension_point
    return EntryPoint(name, value, group).load()
  File "/usr/lib/python3.10/importlib/metadata/__init__.py", line 171, in load
    module = import_module(match.group('module'))
  File "/usr/lib/python3.10/importlib/__init__.py", line 126, in import_module
    return _bootstrap._gcd_import(name[level:], package, level)
  File "<frozen importlib._bootstrap>", line 1050, in _gcd_import
  File "<frozen importlib._bootstrap>", line 1027, in _find_and_load
  File "<frozen importlib._bootstrap>", line 1006, in _find_and_load_unlocked
  File "<frozen importlib._bootstrap>", line 688, in _load_unlocked
  File "<frozen importlib._bootstrap_external>", line 883, in exec_module
  File "<frozen importlib._bootstrap>", line 241, in _call_with_frames_removed
  File "/home/nano/.local/lib/python3.10/site-packages/colcon_core/shell/sh.py", line 15, in <module>
    from colcon_core.shell.template import expand_template
  File "/home/nano/.local/lib/python3.10/site-packages/colcon_core/shell/template/__init__.py", line 19, in <module>
    raise e from None
  File "/home/nano/.local/lib/python3.10/site-packages/colcon_core/shell/template/__init__.py", line 10, in <module>
    from em import OVERRIDE_OPT
ImportError: cannot import name 'OVERRIDE_OPT' from 'em' (/home/nano/.local/bin/em.py) The Python package 'empy' must be installed and 'em' must not be installed since both packages share the same namespace

[1.644s] ERROR:colcon.colcon_core.extension_point:Exception loading extension 'colcon_core.shell.zsh': cannot import name 'OVERRIDE_OPT' from 'em' (/home/nano/.local/bin/em.py) The Python package 'empy' must be installed and 'em' must not be installed since both packages share the same namespace
Traceback (most recent call last):
  File "/home/nano/.local/lib/python3.10/site-packages/colcon_core/extension_point.py", line 169, in load_extension_points
    extension_type = load_extension_point(name, value, group)
  File "/home/nano/.local/lib/python3.10/site-packages/colcon_core/extension_point.py", line 210, in load_extension_point
    return EntryPoint(name, value, group).load()
  File "/usr/lib/python3.10/importlib/metadata/__init__.py", line 171, in load
    module = import_module(match.group('module'))
  File "/usr/lib/python3.10/importlib/__init__.py", line 126, in import_module
    return _bootstrap._gcd_import(name[level:], package, level)
  File "<frozen importlib._bootstrap>", line 1050, in _gcd_import
  File "<frozen importlib._bootstrap>", line 1027, in _find_and_load
  File "<frozen importlib._bootstrap>", line 1006, in _find_and_load_unlocked
  File "<frozen importlib._bootstrap>", line 688, in _load_unlocked
  File "<frozen importlib._bootstrap_external>", line 883, in exec_module
  File "<frozen importlib._bootstrap>", line 241, in _call_with_frames_removed
  File "/home/nano/.local/lib/python3.10/site-packages/colcon_zsh/shell/zsh.py", line 13, in <module>
    from colcon_core.shell.template import expand_template
  File "/home/nano/.local/lib/python3.10/site-packages/colcon_core/shell/template/__init__.py", line 19, in <module>
    raise e from None
  File "/home/nano/.local/lib/python3.10/site-packages/colcon_core/shell/template/__init__.py", line 10, in <module>
    from em import OVERRIDE_OPT
ImportError: cannot import name 'OVERRIDE_OPT' from 'em' (/home/nano/.local/bin/em.py) The Python package 'empy' must be installed and 'em' must not be installed since both packages share the same namespace

[1.649s] ERROR:colcon.colcon_core.extension_point:Exception loading extension 'colcon_core.shell.powershell': cannot import name 'OVERRIDE_OPT' from 'em' (/home/nano/.local/bin/em.py) The Python package 'empy' must be installed and 'em' must not be installed since both packages share the same namespace
Traceback (most recent call last):
  File "/home/nano/.local/lib/python3.10/site-packages/colcon_core/extension_point.py", line 169, in load_extension_points
    extension_type = load_extension_point(name, value, group)
  File "/home/nano/.local/lib/python3.10/site-packages/colcon_core/extension_point.py", line 210, in load_extension_point
    return EntryPoint(name, value, group).load()
  File "/usr/lib/python3.10/importlib/metadata/__init__.py", line 171, in load
    module = import_module(match.group('module'))
  File "/usr/lib/python3.10/importlib/__init__.py", line 126, in import_module
    return _bootstrap._gcd_import(name[level:], package, level)
  File "<frozen importlib._bootstrap>", line 1050, in _gcd_import
  File "<frozen importlib._bootstrap>", line 1027, in _find_and_load
  File "<frozen importlib._bootstrap>", line 1006, in _find_and_load_unlocked
  File "<frozen importlib._bootstrap>", line 688, in _load_unlocked
  File "<frozen importlib._bootstrap_external>", line 883, in exec_module
  File "<frozen importlib._bootstrap>", line 241, in _call_with_frames_removed
  File "/home/nano/.local/lib/python3.10/site-packages/colcon_powershell/shell/powershell.py", line 17, in <module>
    from colcon_core.shell.template import expand_template
  File "/home/nano/.local/lib/python3.10/site-packages/colcon_core/shell/template/__init__.py", line 19, in <module>
    raise e from None
  File "/home/nano/.local/lib/python3.10/site-packages/colcon_core/shell/template/__init__.py", line 10, in <module>
    from em import OVERRIDE_OPT
ImportError: cannot import name 'OVERRIDE_OPT' from 'em' (/home/nano/.local/bin/em.py) The Python package 'empy' must be installed and 'em' must not be installed since both packages share the same namespace

[1.654s] ERROR:colcon.colcon_core.extension_point:Exception loading extension 'colcon_core.shell.bash': cannot import name 'OVERRIDE_OPT' from 'em' (/home/nano/.local/bin/em.py) The Python package 'empy' must be installed and 'em' must not be installed since both packages share the same namespace
Traceback (most recent call last):
  File "/home/nano/.local/lib/python3.10/site-packages/colcon_core/extension_point.py", line 169, in load_extension_points
    extension_type = load_extension_point(name, value, group)
  File "/home/nano/.local/lib/python3.10/site-packages/colcon_core/extension_point.py", line 210, in load_extension_point
    return EntryPoint(name, value, group).load()
  File "/usr/lib/python3.10/importlib/metadata/__init__.py", line 171, in load
    module = import_module(match.group('module'))
  File "/usr/lib/python3.10/importlib/__init__.py", line 126, in import_module
    return _bootstrap._gcd_import(name[level:], package, level)
  File "<frozen importlib._bootstrap>", line 1050, in _gcd_import
  File "<frozen importlib._bootstrap>", line 1027, in _find_and_load
  File "<frozen importlib._bootstrap>", line 1006, in _find_and_load_unlocked
  File "<frozen importlib._bootstrap>", line 688, in _load_unlocked
  File "<frozen importlib._bootstrap_external>", line 883, in exec_module
  File "<frozen importlib._bootstrap>", line 241, in _call_with_frames_removed
  File "/home/nano/.local/lib/python3.10/site-packages/colcon_bash/shell/bash.py", line 13, in <module>
    from colcon_core.shell.template import expand_template
  File "/home/nano/.local/lib/python3.10/site-packages/colcon_core/shell/template/__init__.py", line 19, in <module>
    raise e from None
  File "/home/nano/.local/lib/python3.10/site-packages/colcon_core/shell/template/__init__.py", line 10, in <module>
    from em import OVERRIDE_OPT
ImportError: cannot import name 'OVERRIDE_OPT' from 'em' (/home/nano/.local/bin/em.py) The Python package 'empy' must be installed and 'em' must not be installed since both packages share the same namespace

[1.654s] ERROR:colcon.colcon_cmake.task.cmake.build:Could not find a shell extension for the command environment
[2.048s] ERROR:colcon.colcon_core.extension_point:Exception loading extension 'colcon_core.shell.bat': cannot import name 'OVERRIDE_OPT' from 'em' (/home/nano/.local/bin/em.py) The Python package 'empy' must be installed and 'em' must not be installed since both packages share the same namespace
Traceback (most recent call last):
  File "/home/nano/.local/lib/python3.10/site-packages/colcon_core/extension_point.py", line 169, in load_extension_points
    extension_type = load_extension_point(name, value, group)
  File "/home/nano/.local/lib/python3.10/site-packages/colcon_core/extension_point.py", line 210, in load_extension_point
    return EntryPoint(name, value, group).load()
  File "/usr/lib/python3.10/importlib/metadata/__init__.py", line 171, in load
    module = import_module(match.group('module'))
  File "/usr/lib/python3.10/importlib/__init__.py", line 126, in import_module
    return _bootstrap._gcd_import(name[level:], package, level)
  File "<frozen importlib._bootstrap>", line 1050, in _gcd_import
  File "<frozen importlib._bootstrap>", line 1027, in _find_and_load
  File "<frozen importlib._bootstrap>", line 1006, in _find_and_load_unlocked
  File "<frozen importlib._bootstrap>", line 688, in _load_unlocked
  File "<frozen importlib._bootstrap_external>", line 883, in exec_module
  File "<frozen importlib._bootstrap>", line 241, in _call_with_frames_removed
  File "/home/nano/.local/lib/python3.10/site-packages/colcon_core/shell/bat.py", line 15, in <module>
    from colcon_core.shell.template import expand_template
  File "/home/nano/.local/lib/python3.10/site-packages/colcon_core/shell/template/__init__.py", line 19, in <module>
    raise e from None
  File "/home/nano/.local/lib/python3.10/site-packages/colcon_core/shell/template/__init__.py", line 10, in <module>
    from em import OVERRIDE_OPT
ImportError: cannot import name 'OVERRIDE_OPT' from 'em' (/home/nano/.local/bin/em.py) The Python package 'empy' must be installed and 'em' must not be installed since both packages share the same namespace

[2.052s] ERROR:colcon.colcon_core.extension_point:Exception loading extension 'colcon_core.shell.dsv': cannot import name 'OVERRIDE_OPT' from 'em' (/home/nano/.local/bin/em.py) The Python package 'empy' must be installed and 'em' must not be installed since both packages share the same namespace
Traceback (most recent call last):
  File "/home/nano/.local/lib/python3.10/site-packages/colcon_core/extension_point.py", line 169, in load_extension_points
    extension_type = load_extension_point(name, value, group)
  File "/home/nano/.local/lib/python3.10/site-packages/colcon_core/extension_point.py", line 210, in load_extension_point
    return EntryPoint(name, value, group).load()
  File "/usr/lib/python3.10/importlib/metadata/__init__.py", line 171, in load
    module = import_module(match.group('module'))
  File "/usr/lib/python3.10/importlib/__init__.py", line 126, in import_module
    return _bootstrap._gcd_import(name[level:], package, level)
  File "<frozen importlib._bootstrap>", line 1050, in _gcd_import
  File "<frozen importlib._bootstrap>", line 1027, in _find_and_load
  File "<frozen importlib._bootstrap>", line 1006, in _find_and_load_unlocked
  File "<frozen importlib._bootstrap>", line 688, in _load_unlocked
  File "<frozen importlib._bootstrap_external>", line 883, in exec_module
  File "<frozen importlib._bootstrap>", line 241, in _call_with_frames_removed
  File "/home/nano/.local/lib/python3.10/site-packages/colcon_core/shell/dsv.py", line 9, in <module>
    from colcon_core.shell.template import expand_template
  File "/home/nano/.local/lib/python3.10/site-packages/colcon_core/shell/template/__init__.py", line 19, in <module>
    raise e from None
  File "/home/nano/.local/lib/python3.10/site-packages/colcon_core/shell/template/__init__.py", line 10, in <module>
    from em import OVERRIDE_OPT
ImportError: cannot import name 'OVERRIDE_OPT' from 'em' (/home/nano/.local/bin/em.py) The Python package 'empy' must be installed and 'em' must not be installed since both packages share the same namespace

[2.056s] ERROR:colcon.colcon_core.extension_point:Exception loading extension 'colcon_core.shell.sh': cannot import name 'OVERRIDE_OPT' from 'em' (/home/nano/.local/bin/em.py) The Python package 'empy' must be installed and 'em' must not be installed since both packages share the same namespace
Traceback (most recent call last):
  File "/home/nano/.local/lib/python3.10/site-packages/colcon_core/extension_point.py", line 169, in load_extension_points
    extension_type = load_extension_point(name, value, group)
  File "/home/nano/.local/lib/python3.10/site-packages/colcon_core/extension_point.py", line 210, in load_extension_point
    return EntryPoint(name, value, group).load()
  File "/usr/lib/python3.10/importlib/metadata/__init__.py", line 171, in load
    module = import_module(match.group('module'))
  File "/usr/lib/python3.10/importlib/__init__.py", line 126, in import_module
    return _bootstrap._gcd_import(name[level:], package, level)
  File "<frozen importlib._bootstrap>", line 1050, in _gcd_import
  File "<frozen importlib._bootstrap>", line 1027, in _find_and_load
  File "<frozen importlib._bootstrap>", line 1006, in _find_and_load_unlocked
  File "<frozen importlib._bootstrap>", line 688, in _load_unlocked
  File "<frozen importlib._bootstrap_external>", line 883, in exec_module
  File "<frozen importlib._bootstrap>", line 241, in _call_with_frames_removed
  File "/home/nano/.local/lib/python3.10/site-packages/colcon_core/shell/sh.py", line 15, in <module>
    from colcon_core.shell.template import expand_template
  File "/home/nano/.local/lib/python3.10/site-packages/colcon_core/shell/template/__init__.py", line 19, in <module>
    raise e from None
  File "/home/nano/.local/lib/python3.10/site-packages/colcon_core/shell/template/__init__.py", line 10, in <module>
    from em import OVERRIDE_OPT
ImportError: cannot import name 'OVERRIDE_OPT' from 'em' (/home/nano/.local/bin/em.py) The Python package 'empy' must be installed and 'em' must not be installed since both packages share the same namespace

[2.060s] ERROR:colcon.colcon_core.extension_point:Exception loading extension 'colcon_core.shell.zsh': cannot import name 'OVERRIDE_OPT' from 'em' (/home/nano/.local/bin/em.py) The Python package 'empy' must be installed and 'em' must not be installed since both packages share the same namespace
Traceback (most recent call last):
  File "/home/nano/.local/lib/python3.10/site-packages/colcon_core/extension_point.py", line 169, in load_extension_points
    extension_type = load_extension_point(name, value, group)
  File "/home/nano/.local/lib/python3.10/site-packages/colcon_core/extension_point.py", line 210, in load_extension_point
    return EntryPoint(name, value, group).load()
  File "/usr/lib/python3.10/importlib/metadata/__init__.py", line 171, in load
    module = import_module(match.group('module'))
  File "/usr/lib/python3.10/importlib/__init__.py", line 126, in import_module
    return _bootstrap._gcd_import(name[level:], package, level)
  File "<frozen importlib._bootstrap>", line 1050, in _gcd_import
  File "<frozen importlib._bootstrap>", line 1027, in _find_and_load
  File "<frozen importlib._bootstrap>", line 1006, in _find_and_load_unlocked
  File "<frozen importlib._bootstrap>", line 688, in _load_unlocked
  File "<frozen importlib._bootstrap_external>", line 883, in exec_module
  File "<frozen importlib._bootstrap>", line 241, in _call_with_frames_removed
  File "/home/nano/.local/lib/python3.10/site-packages/colcon_zsh/shell/zsh.py", line 13, in <module>
    from colcon_core.shell.template import expand_template
  File "/home/nano/.local/lib/python3.10/site-packages/colcon_core/shell/template/__init__.py", line 19, in <module>
    raise e from None
  File "/home/nano/.local/lib/python3.10/site-packages/colcon_core/shell/template/__init__.py", line 10, in <module>
    from em import OVERRIDE_OPT
ImportError: cannot import name 'OVERRIDE_OPT' from 'em' (/home/nano/.local/bin/em.py) The Python package 'empy' must be installed and 'em' must not be installed since both packages share the same namespace

[2.064s] ERROR:colcon.colcon_core.extension_point:Exception loading extension 'colcon_core.shell.powershell': cannot import name 'OVERRIDE_OPT' from 'em' (/home/nano/.local/bin/em.py) The Python package 'empy' must be installed and 'em' must not be installed since both packages share the same namespace
Traceback (most recent call last):
  File "/home/nano/.local/lib/python3.10/site-packages/colcon_core/extension_point.py", line 169, in load_extension_points
    extension_type = load_extension_point(name, value, group)
  File "/home/nano/.local/lib/python3.10/site-packages/colcon_core/extension_point.py", line 210, in load_extension_point
    return EntryPoint(name, value, group).load()
  File "/usr/lib/python3.10/importlib/metadata/__init__.py", line 171, in load
    module = import_module(match.group('module'))
  File "/usr/lib/python3.10/importlib/__init__.py", line 126, in import_module
    return _bootstrap._gcd_import(name[level:], package, level)
  File "<frozen importlib._bootstrap>", line 1050, in _gcd_import
  File "<frozen importlib._bootstrap>", line 1027, in _find_and_load
  File "<frozen importlib._bootstrap>", line 1006, in _find_and_load_unlocked
  File "<frozen importlib._bootstrap>", line 688, in _load_unlocked
  File "<frozen importlib._bootstrap_external>", line 883, in exec_module
  File "<frozen importlib._bootstrap>", line 241, in _call_with_frames_removed
  File "/home/nano/.local/lib/python3.10/site-packages/colcon_powershell/shell/powershell.py", line 17, in <module>
    from colcon_core.shell.template import expand_template
  File "/home/nano/.local/lib/python3.10/site-packages/colcon_core/shell/template/__init__.py", line 19, in <module>
    raise e from None
  File "/home/nano/.local/lib/python3.10/site-packages/colcon_core/shell/template/__init__.py", line 10, in <module>
    from em import OVERRIDE_OPT
ImportError: cannot import name 'OVERRIDE_OPT' from 'em' (/home/nano/.local/bin/em.py) The Python package 'empy' must be installed and 'em' must not be installed since both packages share the same namespace

[2.068s] ERROR:colcon.colcon_core.extension_point:Exception loading extension 'colcon_core.shell.bash': cannot import name 'OVERRIDE_OPT' from 'em' (/home/nano/.local/bin/em.py) The Python package 'empy' must be installed and 'em' must not be installed since both packages share the same namespace
Traceback (most recent call last):
  File "/home/nano/.local/lib/python3.10/site-packages/colcon_core/extension_point.py", line 169, in load_extension_points
    extension_type = load_extension_point(name, value, group)
  File "/home/nano/.local/lib/python3.10/site-packages/colcon_core/extension_point.py", line 210, in load_extension_point
    return EntryPoint(name, value, group).load()
  File "/usr/lib/python3.10/importlib/metadata/__init__.py", line 171, in load
    module = import_module(match.group('module'))
  File "/usr/lib/python3.10/importlib/__init__.py", line 126, in import_module
    return _bootstrap._gcd_import(name[level:], package, level)
  File "<frozen importlib._bootstrap>", line 1050, in _gcd_import
  File "<frozen importlib._bootstrap>", line 1027, in _find_and_load
  File "<frozen importlib._bootstrap>", line 1006, in _find_and_load_unlocked
  File "<frozen importlib._bootstrap>", line 688, in _load_unlocked
  File "<frozen importlib._bootstrap_external>", line 883, in exec_module
  File "<frozen importlib._bootstrap>", line 241, in _call_with_frames_removed
  File "/home/nano/.local/lib/python3.10/site-packages/colcon_bash/shell/bash.py", line 13, in <module>
    from colcon_core.shell.template import expand_template
  File "/home/nano/.local/lib/python3.10/site-packages/colcon_core/shell/template/__init__.py", line 19, in <module>
    raise e from None
  File "/home/nano/.local/lib/python3.10/site-packages/colcon_core/shell/template/__init__.py", line 10, in <module>
    from em import OVERRIDE_OPT
ImportError: cannot import name 'OVERRIDE_OPT' from 'em' (/home/nano/.local/bin/em.py) The Python package 'empy' must be installed and 'em' must not be installed since both packages share the same namespace

[2.069s] Level 1:colcon.colcon_core.environment:create_environment_scripts_only(v4l2_camera)
[2.120s] Level 1:colcon.colcon_core.environment:checking '/home/nano/ros2_uav_ws/install/v4l2_camera' for CMake module files
[2.137s] Level 1:colcon.colcon_core.environment:checking '/home/nano/ros2_uav_ws/install/v4l2_camera' for CMake config files
[2.153s] Level 1:colcon.colcon_core.shell:create_environment_hook('v4l2_camera', 'cmake_prefix_path')
[2.158s] ERROR:colcon.colcon_core.extension_point:Exception loading extension 'colcon_core.shell.bat': cannot import name 'OVERRIDE_OPT' from 'em' (/home/nano/.local/bin/em.py) The Python package 'empy' must be installed and 'em' must not be installed since both packages share the same namespace
Traceback (most recent call last):
  File "/home/nano/.local/lib/python3.10/site-packages/colcon_core/extension_point.py", line 169, in load_extension_points
    extension_type = load_extension_point(name, value, group)
  File "/home/nano/.local/lib/python3.10/site-packages/colcon_core/extension_point.py", line 210, in load_extension_point
    return EntryPoint(name, value, group).load()
  File "/usr/lib/python3.10/importlib/metadata/__init__.py", line 171, in load
    module = import_module(match.group('module'))
  File "/usr/lib/python3.10/importlib/__init__.py", line 126, in import_module
    return _bootstrap._gcd_import(name[level:], package, level)
  File "<frozen importlib._bootstrap>", line 1050, in _gcd_import
  File "<frozen importlib._bootstrap>", line 1027, in _find_and_load
  File "<frozen importlib._bootstrap>", line 1006, in _find_and_load_unlocked
  File "<frozen importlib._bootstrap>", line 688, in _load_unlocked
  File "<frozen importlib._bootstrap_external>", line 883, in exec_module
  File "<frozen importlib._bootstrap>", line 241, in _call_with_frames_removed
  File "/home/nano/.local/lib/python3.10/site-packages/colcon_core/shell/bat.py", line 15, in <module>
    from colcon_core.shell.template import expand_template
  File "/home/nano/.local/lib/python3.10/site-packages/colcon_core/shell/template/__init__.py", line 19, in <module>
    raise e from None
  File "/home/nano/.local/lib/python3.10/site-packages/colcon_core/shell/template/__init__.py", line 10, in <module>
    from em import OVERRIDE_OPT
ImportError: cannot import name 'OVERRIDE_OPT' from 'em' (/home/nano/.local/bin/em.py) The Python package 'empy' must be installed and 'em' must not be installed since both packages share the same namespace

[2.162s] ERROR:colcon.colcon_core.extension_point:Exception loading extension 'colcon_core.shell.dsv': cannot import name 'OVERRIDE_OPT' from 'em' (/home/nano/.local/bin/em.py) The Python package 'empy' must be installed and 'em' must not be installed since both packages share the same namespace
Traceback (most recent call last):
  File "/home/nano/.local/lib/python3.10/site-packages/colcon_core/extension_point.py", line 169, in load_extension_points
    extension_type = load_extension_point(name, value, group)
  File "/home/nano/.local/lib/python3.10/site-packages/colcon_core/extension_point.py", line 210, in load_extension_point
    return EntryPoint(name, value, group).load()
  File "/usr/lib/python3.10/importlib/metadata/__init__.py", line 171, in load
    module = import_module(match.group('module'))
  File "/usr/lib/python3.10/importlib/__init__.py", line 126, in import_module
    return _bootstrap._gcd_import(name[level:], package, level)
  File "<frozen importlib._bootstrap>", line 1050, in _gcd_import
  File "<frozen importlib._bootstrap>", line 1027, in _find_and_load
  File "<frozen importlib._bootstrap>", line 1006, in _find_and_load_unlocked
  File "<frozen importlib._bootstrap>", line 688, in _load_unlocked
  File "<frozen importlib._bootstrap_external>", line 883, in exec_module
  File "<frozen importlib._bootstrap>", line 241, in _call_with_frames_removed
  File "/home/nano/.local/lib/python3.10/site-packages/colcon_core/shell/dsv.py", line 9, in <module>
    from colcon_core.shell.template import expand_template
  File "/home/nano/.local/lib/python3.10/site-packages/colcon_core/shell/template/__init__.py", line 19, in <module>
    raise e from None
  File "/home/nano/.local/lib/python3.10/site-packages/colcon_core/shell/template/__init__.py", line 10, in <module>
    from em import OVERRIDE_OPT
ImportError: cannot import name 'OVERRIDE_OPT' from 'em' (/home/nano/.local/bin/em.py) The Python package 'empy' must be installed and 'em' must not be installed since both packages share the same namespace

[2.166s] ERROR:colcon.colcon_core.extension_point:Exception loading extension 'colcon_core.shell.sh': cannot import name 'OVERRIDE_OPT' from 'em' (/home/nano/.local/bin/em.py) The Python package 'empy' must be installed and 'em' must not be installed since both packages share the same namespace
Traceback (most recent call last):
  File "/home/nano/.local/lib/python3.10/site-packages/colcon_core/extension_point.py", line 169, in load_extension_points
    extension_type = load_extension_point(name, value, group)
  File "/home/nano/.local/lib/python3.10/site-packages/colcon_core/extension_point.py", line 210, in load_extension_point
    return EntryPoint(name, value, group).load()
  File "/usr/lib/python3.10/importlib/metadata/__init__.py", line 171, in load
    module = import_module(match.group('module'))
  File "/usr/lib/python3.10/importlib/__init__.py", line 126, in import_module
    return _bootstrap._gcd_import(name[level:], package, level)
  File "<frozen importlib._bootstrap>", line 1050, in _gcd_import
  File "<frozen importlib._bootstrap>", line 1027, in _find_and_load
  File "<frozen importlib._bootstrap>", line 1006, in _find_and_load_unlocked
  File "<frozen importlib._bootstrap>", line 688, in _load_unlocked
  File "<frozen importlib._bootstrap_external>", line 883, in exec_module
  File "<frozen importlib._bootstrap>", line 241, in _call_with_frames_removed
  File "/home/nano/.local/lib/python3.10/site-packages/colcon_core/shell/sh.py", line 15, in <module>
    from colcon_core.shell.template import expand_template
  File "/home/nano/.local/lib/python3.10/site-packages/colcon_core/shell/template/__init__.py", line 19, in <module>
    raise e from None
  File "/home/nano/.local/lib/python3.10/site-packages/colcon_core/shell/template/__init__.py", line 10, in <module>
    from em import OVERRIDE_OPT
ImportError: cannot import name 'OVERRIDE_OPT' from 'em' (/home/nano/.local/bin/em.py) The Python package 'empy' must be installed and 'em' must not be installed since both packages share the same namespace

[2.170s] ERROR:colcon.colcon_core.extension_point:Exception loading extension 'colcon_core.shell.zsh': cannot import name 'OVERRIDE_OPT' from 'em' (/home/nano/.local/bin/em.py) The Python package 'empy' must be installed and 'em' must not be installed since both packages share the same namespace
Traceback (most recent call last):
  File "/home/nano/.local/lib/python3.10/site-packages/colcon_core/extension_point.py", line 169, in load_extension_points
    extension_type = load_extension_point(name, value, group)
  File "/home/nano/.local/lib/python3.10/site-packages/colcon_core/extension_point.py", line 210, in load_extension_point
    return EntryPoint(name, value, group).load()
  File "/usr/lib/python3.10/importlib/metadata/__init__.py", line 171, in load
    module = import_module(match.group('module'))
  File "/usr/lib/python3.10/importlib/__init__.py", line 126, in import_module
    return _bootstrap._gcd_import(name[level:], package, level)
  File "<frozen importlib._bootstrap>", line 1050, in _gcd_import
  File "<frozen importlib._bootstrap>", line 1027, in _find_and_load
  File "<frozen importlib._bootstrap>", line 1006, in _find_and_load_unlocked
  File "<frozen importlib._bootstrap>", line 688, in _load_unlocked
  File "<frozen importlib._bootstrap_external>", line 883, in exec_module
  File "<frozen importlib._bootstrap>", line 241, in _call_with_frames_removed
  File "/home/nano/.local/lib/python3.10/site-packages/colcon_zsh/shell/zsh.py", line 13, in <module>
    from colcon_core.shell.template import expand_template
  File "/home/nano/.local/lib/python3.10/site-packages/colcon_core/shell/template/__init__.py", line 19, in <module>
    raise e from None
  File "/home/nano/.local/lib/python3.10/site-packages/colcon_core/shell/template/__init__.py", line 10, in <module>
    from em import OVERRIDE_OPT
ImportError: cannot import name 'OVERRIDE_OPT' from 'em' (/home/nano/.local/bin/em.py) The Python package 'empy' must be installed and 'em' must not be installed since both packages share the same namespace

[2.175s] ERROR:colcon.colcon_core.extension_point:Exception loading extension 'colcon_core.shell.powershell': cannot import name 'OVERRIDE_OPT' from 'em' (/home/nano/.local/bin/em.py) The Python package 'empy' must be installed and 'em' must not be installed since both packages share the same namespace
Traceback (most recent call last):
  File "/home/nano/.local/lib/python3.10/site-packages/colcon_core/extension_point.py", line 169, in load_extension_points
    extension_type = load_extension_point(name, value, group)
  File "/home/nano/.local/lib/python3.10/site-packages/colcon_core/extension_point.py", line 210, in load_extension_point
    return EntryPoint(name, value, group).load()
  File "/usr/lib/python3.10/importlib/metadata/__init__.py", line 171, in load
    module = import_module(match.group('module'))
  File "/usr/lib/python3.10/importlib/__init__.py", line 126, in import_module
    return _bootstrap._gcd_import(name[level:], package, level)
  File "<frozen importlib._bootstrap>", line 1050, in _gcd_import
  File "<frozen importlib._bootstrap>", line 1027, in _find_and_load
  File "<frozen importlib._bootstrap>", line 1006, in _find_and_load_unlocked
  File "<frozen importlib._bootstrap>", line 688, in _load_unlocked
  File "<frozen importlib._bootstrap_external>", line 883, in exec_module
  File "<frozen importlib._bootstrap>", line 241, in _call_with_frames_removed
  File "/home/nano/.local/lib/python3.10/site-packages/colcon_powershell/shell/powershell.py", line 17, in <module>
    from colcon_core.shell.template import expand_template
  File "/home/nano/.local/lib/python3.10/site-packages/colcon_core/shell/template/__init__.py", line 19, in <module>
    raise e from None
  File "/home/nano/.local/lib/python3.10/site-packages/colcon_core/shell/template/__init__.py", line 10, in <module>
    from em import OVERRIDE_OPT
ImportError: cannot import name 'OVERRIDE_OPT' from 'em' (/home/nano/.local/bin/em.py) The Python package 'empy' must be installed and 'em' must not be installed since both packages share the same namespace

[2.179s] ERROR:colcon.colcon_core.extension_point:Exception loading extension 'colcon_core.shell.bash': cannot import name 'OVERRIDE_OPT' from 'em' (/home/nano/.local/bin/em.py) The Python package 'empy' must be installed and 'em' must not be installed since both packages share the same namespace
Traceback (most recent call last):
  File "/home/nano/.local/lib/python3.10/site-packages/colcon_core/extension_point.py", line 169, in load_extension_points
    extension_type = load_extension_point(name, value, group)
  File "/home/nano/.local/lib/python3.10/site-packages/colcon_core/extension_point.py", line 210, in load_extension_point
    return EntryPoint(name, value, group).load()
  File "/usr/lib/python3.10/importlib/metadata/__init__.py", line 171, in load
    module = import_module(match.group('module'))
  File "/usr/lib/python3.10/importlib/__init__.py", line 126, in import_module
    return _bootstrap._gcd_import(name[level:], package, level)
  File "<frozen importlib._bootstrap>", line 1050, in _gcd_import
  File "<frozen importlib._bootstrap>", line 1027, in _find_and_load
  File "<frozen importlib._bootstrap>", line 1006, in _find_and_load_unlocked
  File "<frozen importlib._bootstrap>", line 688, in _load_unlocked
  File "<frozen importlib._bootstrap_external>", line 883, in exec_module
  File "<frozen importlib._bootstrap>", line 241, in _call_with_frames_removed
  File "/home/nano/.local/lib/python3.10/site-packages/colcon_bash/shell/bash.py", line 13, in <module>
    from colcon_core.shell.template import expand_template
  File "/home/nano/.local/lib/python3.10/site-packages/colcon_core/shell/template/__init__.py", line 19, in <module>
    raise e from None
  File "/home/nano/.local/lib/python3.10/site-packages/colcon_core/shell/template/__init__.py", line 10, in <module>
    from em import OVERRIDE_OPT
ImportError: cannot import name 'OVERRIDE_OPT' from 'em' (/home/nano/.local/bin/em.py) The Python package 'empy' must be installed and 'em' must not be installed since both packages share the same namespace

[2.191s] ERROR:colcon.colcon_core.environment:Exception in environment extension 'cmake_prefix_path': Could not find a primary shell extension for creating an environment hook
Traceback (most recent call last):
  File "/home/nano/.local/lib/python3.10/site-packages/colcon_core/environment/__init__.py", line 193, in create_environment_hooks
    hooks = extension.create_environment_hooks(prefix_path, pkg_name)
  File "/home/nano/.local/lib/python3.10/site-packages/colcon_cmake/environment/cmake_prefix_path.py", line 28, in create_environment_hooks
    hooks += create_environment_hook(
  File "/home/nano/.local/lib/python3.10/site-packages/colcon_core/shell/__init__.py", line 446, in create_environment_hook
    raise RuntimeError(
RuntimeError: Could not find a primary shell extension for creating an environment hook

[2.194s] Level 1:colcon.colcon_core.environment:checking '/home/nano/ros2_uav_ws/install/v4l2_camera/lib'
[2.195s] Level 1:colcon.colcon_core.shell:create_environment_hook('v4l2_camera', 'ld_library_path_lib')
[2.199s] ERROR:colcon.colcon_core.extension_point:Exception loading extension 'colcon_core.shell.bat': cannot import name 'OVERRIDE_OPT' from 'em' (/home/nano/.local/bin/em.py) The Python package 'empy' must be installed and 'em' must not be installed since both packages share the same namespace
Traceback (most recent call last):
  File "/home/nano/.local/lib/python3.10/site-packages/colcon_core/extension_point.py", line 169, in load_extension_points
    extension_type = load_extension_point(name, value, group)
  File "/home/nano/.local/lib/python3.10/site-packages/colcon_core/extension_point.py", line 210, in load_extension_point
    return EntryPoint(name, value, group).load()
  File "/usr/lib/python3.10/importlib/metadata/__init__.py", line 171, in load
    module = import_module(match.group('module'))
  File "/usr/lib/python3.10/importlib/__init__.py", line 126, in import_module
    return _bootstrap._gcd_import(name[level:], package, level)
  File "<frozen importlib._bootstrap>", line 1050, in _gcd_import
  File "<frozen importlib._bootstrap>", line 1027, in _find_and_load
  File "<frozen importlib._bootstrap>", line 1006, in _find_and_load_unlocked
  File "<frozen importlib._bootstrap>", line 688, in _load_unlocked
  File "<frozen importlib._bootstrap_external>", line 883, in exec_module
  File "<frozen importlib._bootstrap>", line 241, in _call_with_frames_removed
  File "/home/nano/.local/lib/python3.10/site-packages/colcon_core/shell/bat.py", line 15, in <module>
    from colcon_core.shell.template import expand_template
  File "/home/nano/.local/lib/python3.10/site-packages/colcon_core/shell/template/__init__.py", line 19, in <module>
    raise e from None
  File "/home/nano/.local/lib/python3.10/site-packages/colcon_core/shell/template/__init__.py", line 10, in <module>
    from em import OVERRIDE_OPT
ImportError: cannot import name 'OVERRIDE_OPT' from 'em' (/home/nano/.local/bin/em.py) The Python package 'empy' must be installed and 'em' must not be installed since both packages share the same namespace

[2.205s] ERROR:colcon.colcon_core.extension_point:Exception loading extension 'colcon_core.shell.dsv': cannot import name 'OVERRIDE_OPT' from 'em' (/home/nano/.local/bin/em.py) The Python package 'empy' must be installed and 'em' must not be installed since both packages share the same namespace
Traceback (most recent call last):
  File "/home/nano/.local/lib/python3.10/site-packages/colcon_core/extension_point.py", line 169, in load_extension_points
    extension_type = load_extension_point(name, value, group)
  File "/home/nano/.local/lib/python3.10/site-packages/colcon_core/extension_point.py", line 210, in load_extension_point
    return EntryPoint(name, value, group).load()
  File "/usr/lib/python3.10/importlib/metadata/__init__.py", line 171, in load
    module = import_module(match.group('module'))
  File "/usr/lib/python3.10/importlib/__init__.py", line 126, in import_module
    return _bootstrap._gcd_import(name[level:], package, level)
  File "<frozen importlib._bootstrap>", line 1050, in _gcd_import
  File "<frozen importlib._bootstrap>", line 1027, in _find_and_load
  File "<frozen importlib._bootstrap>", line 1006, in _find_and_load_unlocked
  File "<frozen importlib._bootstrap>", line 688, in _load_unlocked
  File "<frozen importlib._bootstrap_external>", line 883, in exec_module
  File "<frozen importlib._bootstrap>", line 241, in _call_with_frames_removed
  File "/home/nano/.local/lib/python3.10/site-packages/colcon_core/shell/dsv.py", line 9, in <module>
    from colcon_core.shell.template import expand_template
  File "/home/nano/.local/lib/python3.10/site-packages/colcon_core/shell/template/__init__.py", line 19, in <module>
    raise e from None
  File "/home/nano/.local/lib/python3.10/site-packages/colcon_core/shell/template/__init__.py", line 10, in <module>
    from em import OVERRIDE_OPT
ImportError: cannot import name 'OVERRIDE_OPT' from 'em' (/home/nano/.local/bin/em.py) The Python package 'empy' must be installed and 'em' must not be installed since both packages share the same namespace

[2.209s] ERROR:colcon.colcon_core.extension_point:Exception loading extension 'colcon_core.shell.sh': cannot import name 'OVERRIDE_OPT' from 'em' (/home/nano/.local/bin/em.py) The Python package 'empy' must be installed and 'em' must not be installed since both packages share the same namespace
Traceback (most recent call last):
  File "/home/nano/.local/lib/python3.10/site-packages/colcon_core/extension_point.py", line 169, in load_extension_points
    extension_type = load_extension_point(name, value, group)
  File "/home/nano/.local/lib/python3.10/site-packages/colcon_core/extension_point.py", line 210, in load_extension_point
    return EntryPoint(name, value, group).load()
  File "/usr/lib/python3.10/importlib/metadata/__init__.py", line 171, in load
    module = import_module(match.group('module'))
  File "/usr/lib/python3.10/importlib/__init__.py", line 126, in import_module
    return _bootstrap._gcd_import(name[level:], package, level)
  File "<frozen importlib._bootstrap>", line 1050, in _gcd_import
  File "<frozen importlib._bootstrap>", line 1027, in _find_and_load
  File "<frozen importlib._bootstrap>", line 1006, in _find_and_load_unlocked
  File "<frozen importlib._bootstrap>", line 688, in _load_unlocked
  File "<frozen importlib._bootstrap_external>", line 883, in exec_module
  File "<frozen importlib._bootstrap>", line 241, in _call_with_frames_removed
  File "/home/nano/.local/lib/python3.10/site-packages/colcon_core/shell/sh.py", line 15, in <module>
    from colcon_core.shell.template import expand_template
  File "/home/nano/.local/lib/python3.10/site-packages/colcon_core/shell/template/__init__.py", line 19, in <module>
    raise e from None
  File "/home/nano/.local/lib/python3.10/site-packages/colcon_core/shell/template/__init__.py", line 10, in <module>
    from em import OVERRIDE_OPT
ImportError: cannot import name 'OVERRIDE_OPT' from 'em' (/home/nano/.local/bin/em.py) The Python package 'empy' must be installed and 'em' must not be installed since both packages share the same namespace

[2.213s] ERROR:colcon.colcon_core.extension_point:Exception loading extension 'colcon_core.shell.zsh': cannot import name 'OVERRIDE_OPT' from 'em' (/home/nano/.local/bin/em.py) The Python package 'empy' must be installed and 'em' must not be installed since both packages share the same namespace
Traceback (most recent call last):
  File "/home/nano/.local/lib/python3.10/site-packages/colcon_core/extension_point.py", line 169, in load_extension_points
    extension_type = load_extension_point(name, value, group)
  File "/home/nano/.local/lib/python3.10/site-packages/colcon_core/extension_point.py", line 210, in load_extension_point
    return EntryPoint(name, value, group).load()
  File "/usr/lib/python3.10/importlib/metadata/__init__.py", line 171, in load
    module = import_module(match.group('module'))
  File "/usr/lib/python3.10/importlib/__init__.py", line 126, in import_module
    return _bootstrap._gcd_import(name[level:], package, level)
  File "<frozen importlib._bootstrap>", line 1050, in _gcd_import
  File "<frozen importlib._bootstrap>", line 1027, in _find_and_load
  File "<frozen importlib._bootstrap>", line 1006, in _find_and_load_unlocked
  File "<frozen importlib._bootstrap>", line 688, in _load_unlocked
  File "<frozen importlib._bootstrap_external>", line 883, in exec_module
  File "<frozen importlib._bootstrap>", line 241, in _call_with_frames_removed
  File "/home/nano/.local/lib/python3.10/site-packages/colcon_zsh/shell/zsh.py", line 13, in <module>
    from colcon_core.shell.template import expand_template
  File "/home/nano/.local/lib/python3.10/site-packages/colcon_core/shell/template/__init__.py", line 19, in <module>
    raise e from None
  File "/home/nano/.local/lib/python3.10/site-packages/colcon_core/shell/template/__init__.py", line 10, in <module>
    from em import OVERRIDE_OPT
ImportError: cannot import name 'OVERRIDE_OPT' from 'em' (/home/nano/.local/bin/em.py) The Python package 'empy' must be installed and 'em' must not be installed since both packages share the same namespace

[2.218s] ERROR:colcon.colcon_core.extension_point:Exception loading extension 'colcon_core.shell.powershell': cannot import name 'OVERRIDE_OPT' from 'em' (/home/nano/.local/bin/em.py) The Python package 'empy' must be installed and 'em' must not be installed since both packages share the same namespace
Traceback (most recent call last):
  File "/home/nano/.local/lib/python3.10/site-packages/colcon_core/extension_point.py", line 169, in load_extension_points
    extension_type = load_extension_point(name, value, group)
  File "/home/nano/.local/lib/python3.10/site-packages/colcon_core/extension_point.py", line 210, in load_extension_point
    return EntryPoint(name, value, group).load()
  File "/usr/lib/python3.10/importlib/metadata/__init__.py", line 171, in load
    module = import_module(match.group('module'))
  File "/usr/lib/python3.10/importlib/__init__.py", line 126, in import_module
    return _bootstrap._gcd_import(name[level:], package, level)
  File "<frozen importlib._bootstrap>", line 1050, in _gcd_import
  File "<frozen importlib._bootstrap>", line 1027, in _find_and_load
  File "<frozen importlib._bootstrap>", line 1006, in _find_and_load_unlocked
  File "<frozen importlib._bootstrap>", line 688, in _load_unlocked
  File "<frozen importlib._bootstrap_external>", line 883, in exec_module
  File "<frozen importlib._bootstrap>", line 241, in _call_with_frames_removed
  File "/home/nano/.local/lib/python3.10/site-packages/colcon_powershell/shell/powershell.py", line 17, in <module>
    from colcon_core.shell.template import expand_template
  File "/home/nano/.local/lib/python3.10/site-packages/colcon_core/shell/template/__init__.py", line 19, in <module>
    raise e from None
  File "/home/nano/.local/lib/python3.10/site-packages/colcon_core/shell/template/__init__.py", line 10, in <module>
    from em import OVERRIDE_OPT
ImportError: cannot import name 'OVERRIDE_OPT' from 'em' (/home/nano/.local/bin/em.py) The Python package 'empy' must be installed and 'em' must not be installed since both packages share the same namespace

[2.223s] ERROR:colcon.colcon_core.extension_point:Exception loading extension 'colcon_core.shell.bash': cannot import name 'OVERRIDE_OPT' from 'em' (/home/nano/.local/bin/em.py) The Python package 'empy' must be installed and 'em' must not be installed since both packages share the same namespace
Traceback (most recent call last):
  File "/home/nano/.local/lib/python3.10/site-packages/colcon_core/extension_point.py", line 169, in load_extension_points
    extension_type = load_extension_point(name, value, group)
  File "/home/nano/.local/lib/python3.10/site-packages/colcon_core/extension_point.py", line 210, in load_extension_point
    return EntryPoint(name, value, group).load()
  File "/usr/lib/python3.10/importlib/metadata/__init__.py", line 171, in load
    module = import_module(match.group('module'))
  File "/usr/lib/python3.10/importlib/__init__.py", line 126, in import_module
    return _bootstrap._gcd_import(name[level:], package, level)
  File "<frozen importlib._bootstrap>", line 1050, in _gcd_import
  File "<frozen importlib._bootstrap>", line 1027, in _find_and_load
  File "<frozen importlib._bootstrap>", line 1006, in _find_and_load_unlocked
  File "<frozen importlib._bootstrap>", line 688, in _load_unlocked
  File "<frozen importlib._bootstrap_external>", line 883, in exec_module
  File "<frozen importlib._bootstrap>", line 241, in _call_with_frames_removed
  File "/home/nano/.local/lib/python3.10/site-packages/colcon_bash/shell/bash.py", line 13, in <module>
    from colcon_core.shell.template import expand_template
  File "/home/nano/.local/lib/python3.10/site-packages/colcon_core/shell/template/__init__.py", line 19, in <module>
    raise e from None
  File "/home/nano/.local/lib/python3.10/site-packages/colcon_core/shell/template/__init__.py", line 10, in <module>
    from em import OVERRIDE_OPT
ImportError: cannot import name 'OVERRIDE_OPT' from 'em' (/home/nano/.local/bin/em.py) The Python package 'empy' must be installed and 'em' must not be installed since both packages share the same namespace

[2.229s] ERROR:colcon.colcon_core.environment:Exception in environment extension 'library_path': Could not find a primary shell extension for creating an environment hook
Traceback (most recent call last):
  File "/home/nano/.local/lib/python3.10/site-packages/colcon_core/environment/__init__.py", line 193, in create_environment_hooks
    hooks = extension.create_environment_hooks(prefix_path, pkg_name)
  File "/home/nano/.local/lib/python3.10/site-packages/colcon_library_path/environment/library_path.py", line 57, in create_environment_hooks
    environment_hooks += create_environment_hook(
  File "/home/nano/.local/lib/python3.10/site-packages/colcon_core/shell/__init__.py", line 446, in create_environment_hook
    raise RuntimeError(
RuntimeError: Could not find a primary shell extension for creating an environment hook

[2.229s] Level 1:colcon.colcon_core.environment:checking '/home/nano/ros2_uav_ws/install/v4l2_camera/bin'
[2.230s] Level 1:colcon.colcon_core.environment:checking '/home/nano/ros2_uav_ws/install/v4l2_camera/lib/pkgconfig/v4l2_camera.pc'
[2.236s] Level 1:colcon.colcon_core.environment:checking '/home/nano/ros2_uav_ws/install/v4l2_camera/lib/python3.10/site-packages'
[2.238s] Level 1:colcon.colcon_core.environment:checking '/home/nano/ros2_uav_ws/install/v4l2_camera/bin'
[2.242s] ERROR:colcon.colcon_core.extension_point:Exception loading extension 'colcon_core.shell.bat': cannot import name 'OVERRIDE_OPT' from 'em' (/home/nano/.local/bin/em.py) The Python package 'empy' must be installed and 'em' must not be installed since both packages share the same namespace
Traceback (most recent call last):
  File "/home/nano/.local/lib/python3.10/site-packages/colcon_core/extension_point.py", line 169, in load_extension_points
    extension_type = load_extension_point(name, value, group)
  File "/home/nano/.local/lib/python3.10/site-packages/colcon_core/extension_point.py", line 210, in load_extension_point
    return EntryPoint(name, value, group).load()
  File "/usr/lib/python3.10/importlib/metadata/__init__.py", line 171, in load
    module = import_module(match.group('module'))
  File "/usr/lib/python3.10/importlib/__init__.py", line 126, in import_module
    return _bootstrap._gcd_import(name[level:], package, level)
  File "<frozen importlib._bootstrap>", line 1050, in _gcd_import
  File "<frozen importlib._bootstrap>", line 1027, in _find_and_load
  File "<frozen importlib._bootstrap>", line 1006, in _find_and_load_unlocked
  File "<frozen importlib._bootstrap>", line 688, in _load_unlocked
  File "<frozen importlib._bootstrap_external>", line 883, in exec_module
  File "<frozen importlib._bootstrap>", line 241, in _call_with_frames_removed
  File "/home/nano/.local/lib/python3.10/site-packages/colcon_core/shell/bat.py", line 15, in <module>
    from colcon_core.shell.template import expand_template
  File "/home/nano/.local/lib/python3.10/site-packages/colcon_core/shell/template/__init__.py", line 19, in <module>
    raise e from None
  File "/home/nano/.local/lib/python3.10/site-packages/colcon_core/shell/template/__init__.py", line 10, in <module>
    from em import OVERRIDE_OPT
ImportError: cannot import name 'OVERRIDE_OPT' from 'em' (/home/nano/.local/bin/em.py) The Python package 'empy' must be installed and 'em' must not be installed since both packages share the same namespace

[2.246s] ERROR:colcon.colcon_core.extension_point:Exception loading extension 'colcon_core.shell.dsv': cannot import name 'OVERRIDE_OPT' from 'em' (/home/nano/.local/bin/em.py) The Python package 'empy' must be installed and 'em' must not be installed since both packages share the same namespace
Traceback (most recent call last):
  File "/home/nano/.local/lib/python3.10/site-packages/colcon_core/extension_point.py", line 169, in load_extension_points
    extension_type = load_extension_point(name, value, group)
  File "/home/nano/.local/lib/python3.10/site-packages/colcon_core/extension_point.py", line 210, in load_extension_point
    return EntryPoint(name, value, group).load()
  File "/usr/lib/python3.10/importlib/metadata/__init__.py", line 171, in load
    module = import_module(match.group('module'))
  File "/usr/lib/python3.10/importlib/__init__.py", line 126, in import_module
    return _bootstrap._gcd_import(name[level:], package, level)
  File "<frozen importlib._bootstrap>", line 1050, in _gcd_import
  File "<frozen importlib._bootstrap>", line 1027, in _find_and_load
  File "<frozen importlib._bootstrap>", line 1006, in _find_and_load_unlocked
  File "<frozen importlib._bootstrap>", line 688, in _load_unlocked
  File "<frozen importlib._bootstrap_external>", line 883, in exec_module
  File "<frozen importlib._bootstrap>", line 241, in _call_with_frames_removed
  File "/home/nano/.local/lib/python3.10/site-packages/colcon_core/shell/dsv.py", line 9, in <module>
    from colcon_core.shell.template import expand_template
  File "/home/nano/.local/lib/python3.10/site-packages/colcon_core/shell/template/__init__.py", line 19, in <module>
    raise e from None
  File "/home/nano/.local/lib/python3.10/site-packages/colcon_core/shell/template/__init__.py", line 10, in <module>
    from em import OVERRIDE_OPT
ImportError: cannot import name 'OVERRIDE_OPT' from 'em' (/home/nano/.local/bin/em.py) The Python package 'empy' must be installed and 'em' must not be installed since both packages share the same namespace

[2.250s] ERROR:colcon.colcon_core.extension_point:Exception loading extension 'colcon_core.shell.sh': cannot import name 'OVERRIDE_OPT' from 'em' (/home/nano/.local/bin/em.py) The Python package 'empy' must be installed and 'em' must not be installed since both packages share the same namespace
Traceback (most recent call last):
  File "/home/nano/.local/lib/python3.10/site-packages/colcon_core/extension_point.py", line 169, in load_extension_points
    extension_type = load_extension_point(name, value, group)
  File "/home/nano/.local/lib/python3.10/site-packages/colcon_core/extension_point.py", line 210, in load_extension_point
    return EntryPoint(name, value, group).load()
  File "/usr/lib/python3.10/importlib/metadata/__init__.py", line 171, in load
    module = import_module(match.group('module'))
  File "/usr/lib/python3.10/importlib/__init__.py", line 126, in import_module
    return _bootstrap._gcd_import(name[level:], package, level)
  File "<frozen importlib._bootstrap>", line 1050, in _gcd_import
  File "<frozen importlib._bootstrap>", line 1027, in _find_and_load
  File "<frozen importlib._bootstrap>", line 1006, in _find_and_load_unlocked
  File "<frozen importlib._bootstrap>", line 688, in _load_unlocked
  File "<frozen importlib._bootstrap_external>", line 883, in exec_module
  File "<frozen importlib._bootstrap>", line 241, in _call_with_frames_removed
  File "/home/nano/.local/lib/python3.10/site-packages/colcon_core/shell/sh.py", line 15, in <module>
    from colcon_core.shell.template import expand_template
  File "/home/nano/.local/lib/python3.10/site-packages/colcon_core/shell/template/__init__.py", line 19, in <module>
    raise e from None
  File "/home/nano/.local/lib/python3.10/site-packages/colcon_core/shell/template/__init__.py", line 10, in <module>
    from em import OVERRIDE_OPT
ImportError: cannot import name 'OVERRIDE_OPT' from 'em' (/home/nano/.local/bin/em.py) The Python package 'empy' must be installed and 'em' must not be installed since both packages share the same namespace

[2.255s] ERROR:colcon.colcon_core.extension_point:Exception loading extension 'colcon_core.shell.zsh': cannot import name 'OVERRIDE_OPT' from 'em' (/home/nano/.local/bin/em.py) The Python package 'empy' must be installed and 'em' must not be installed since both packages share the same namespace
Traceback (most recent call last):
  File "/home/nano/.local/lib/python3.10/site-packages/colcon_core/extension_point.py", line 169, in load_extension_points
    extension_type = load_extension_point(name, value, group)
  File "/home/nano/.local/lib/python3.10/site-packages/colcon_core/extension_point.py", line 210, in load_extension_point
    return EntryPoint(name, value, group).load()
  File "/usr/lib/python3.10/importlib/metadata/__init__.py", line 171, in load
    module = import_module(match.group('module'))
  File "/usr/lib/python3.10/importlib/__init__.py", line 126, in import_module
    return _bootstrap._gcd_import(name[level:], package, level)
  File "<frozen importlib._bootstrap>", line 1050, in _gcd_import
  File "<frozen importlib._bootstrap>", line 1027, in _find_and_load
  File "<frozen importlib._bootstrap>", line 1006, in _find_and_load_unlocked
  File "<frozen importlib._bootstrap>", line 688, in _load_unlocked
  File "<frozen importlib._bootstrap_external>", line 883, in exec_module
  File "<frozen importlib._bootstrap>", line 241, in _call_with_frames_removed
  File "/home/nano/.local/lib/python3.10/site-packages/colcon_zsh/shell/zsh.py", line 13, in <module>
    from colcon_core.shell.template import expand_template
  File "/home/nano/.local/lib/python3.10/site-packages/colcon_core/shell/template/__init__.py", line 19, in <module>
    raise e from None
  File "/home/nano/.local/lib/python3.10/site-packages/colcon_core/shell/template/__init__.py", line 10, in <module>
    from em import OVERRIDE_OPT
ImportError: cannot import name 'OVERRIDE_OPT' from 'em' (/home/nano/.local/bin/em.py) The Python package 'empy' must be installed and 'em' must not be installed since both packages share the same namespace

[2.262s] ERROR:colcon.colcon_core.extension_point:Exception loading extension 'colcon_core.shell.powershell': cannot import name 'OVERRIDE_OPT' from 'em' (/home/nano/.local/bin/em.py) The Python package 'empy' must be installed and 'em' must not be installed since both packages share the same namespace
Traceback (most recent call last):
  File "/home/nano/.local/lib/python3.10/site-packages/colcon_core/extension_point.py", line 169, in load_extension_points
    extension_type = load_extension_point(name, value, group)
  File "/home/nano/.local/lib/python3.10/site-packages/colcon_core/extension_point.py", line 210, in load_extension_point
    return EntryPoint(name, value, group).load()
  File "/usr/lib/python3.10/importlib/metadata/__init__.py", line 171, in load
    module = import_module(match.group('module'))
  File "/usr/lib/python3.10/importlib/__init__.py", line 126, in import_module
    return _bootstrap._gcd_import(name[level:], package, level)
  File "<frozen importlib._bootstrap>", line 1050, in _gcd_import
  File "<frozen importlib._bootstrap>", line 1027, in _find_and_load
  File "<frozen importlib._bootstrap>", line 1006, in _find_and_load_unlocked
  File "<frozen importlib._bootstrap>", line 688, in _load_unlocked
  File "<frozen importlib._bootstrap_external>", line 883, in exec_module
  File "<frozen importlib._bootstrap>", line 241, in _call_with_frames_removed
  File "/home/nano/.local/lib/python3.10/site-packages/colcon_powershell/shell/powershell.py", line 17, in <module>
    from colcon_core.shell.template import expand_template
  File "/home/nano/.local/lib/python3.10/site-packages/colcon_core/shell/template/__init__.py", line 19, in <module>
    raise e from None
  File "/home/nano/.local/lib/python3.10/site-packages/colcon_core/shell/template/__init__.py", line 10, in <module>
    from em import OVERRIDE_OPT
ImportError: cannot import name 'OVERRIDE_OPT' from 'em' (/home/nano/.local/bin/em.py) The Python package 'empy' must be installed and 'em' must not be installed since both packages share the same namespace

[2.269s] ERROR:colcon.colcon_core.extension_point:Exception loading extension 'colcon_core.shell.bash': cannot import name 'OVERRIDE_OPT' from 'em' (/home/nano/.local/bin/em.py) The Python package 'empy' must be installed and 'em' must not be installed since both packages share the same namespace
Traceback (most recent call last):
  File "/home/nano/.local/lib/python3.10/site-packages/colcon_core/extension_point.py", line 169, in load_extension_points
    extension_type = load_extension_point(name, value, group)
  File "/home/nano/.local/lib/python3.10/site-packages/colcon_core/extension_point.py", line 210, in load_extension_point
    return EntryPoint(name, value, group).load()
  File "/usr/lib/python3.10/importlib/metadata/__init__.py", line 171, in load
    module = import_module(match.group('module'))
  File "/usr/lib/python3.10/importlib/__init__.py", line 126, in import_module
    return _bootstrap._gcd_import(name[level:], package, level)
  File "<frozen importlib._bootstrap>", line 1050, in _gcd_import
  File "<frozen importlib._bootstrap>", line 1027, in _find_and_load
  File "<frozen importlib._bootstrap>", line 1006, in _find_and_load_unlocked
  File "<frozen importlib._bootstrap>", line 688, in _load_unlocked
  File "<frozen importlib._bootstrap_external>", line 883, in exec_module
  File "<frozen importlib._bootstrap>", line 241, in _call_with_frames_removed
  File "/home/nano/.local/lib/python3.10/site-packages/colcon_bash/shell/bash.py", line 13, in <module>
    from colcon_core.shell.template import expand_template
  File "/home/nano/.local/lib/python3.10/site-packages/colcon_core/shell/template/__init__.py", line 19, in <module>
    raise e from None
  File "/home/nano/.local/lib/python3.10/site-packages/colcon_core/shell/template/__init__.py", line 10, in <module>
    from em import OVERRIDE_OPT
ImportError: cannot import name 'OVERRIDE_OPT' from 'em' (/home/nano/.local/bin/em.py) The Python package 'empy' must be installed and 'em' must not be installed since both packages share the same namespace

[2.270s] Level 1:colcon.colcon_core.environment:create_file_with_runtime_dependencies(/home/nano/ros2_uav_ws/install/v4l2_camera/share/colcon-core/packages/v4l2_camera)
[31.714s] DEBUG:colcon.colcon_parallel_executor.executor.parallel:closing loop
[31.715s] DEBUG:colcon.colcon_parallel_executor.executor.parallel:loop closed
[31.715s] DEBUG:colcon.colcon_parallel_executor.executor.parallel:run_until_complete finished with '1'
[31.715s] DEBUG:colcon.colcon_core.event_reactor:joining thread
[31.753s] INFO:colcon.colcon_core.plugin_system:Skipping extension 'colcon_notification.desktop_notification.terminal_notifier': Not used on non-Darwin systems
[31.753s] INFO:colcon.colcon_core.plugin_system:Skipping extension 'colcon_notification.desktop_notification.win32': Not used on non-Windows systems
[31.753s] INFO:colcon.colcon_notification.desktop_notification:Sending desktop notification using 'notify2'
[31.871s] DEBUG:colcon.colcon_core.event_reactor:joined thread
[31.875s] ERROR:colcon.colcon_core.extension_point:Exception loading extension 'colcon_core.shell.bat': cannot import name 'OVERRIDE_OPT' from 'em' (/home/nano/.local/bin/em.py) The Python package 'empy' must be installed and 'em' must not be installed since both packages share the same namespace
Traceback (most recent call last):
  File "/home/nano/.local/lib/python3.10/site-packages/colcon_core/extension_point.py", line 169, in load_extension_points
    extension_type = load_extension_point(name, value, group)
  File "/home/nano/.local/lib/python3.10/site-packages/colcon_core/extension_point.py", line 210, in load_extension_point
    return EntryPoint(name, value, group).load()
  File "/usr/lib/python3.10/importlib/metadata/__init__.py", line 171, in load
    module = import_module(match.group('module'))
  File "/usr/lib/python3.10/importlib/__init__.py", line 126, in import_module
    return _bootstrap._gcd_import(name[level:], package, level)
  File "<frozen importlib._bootstrap>", line 1050, in _gcd_import
  File "<frozen importlib._bootstrap>", line 1027, in _find_and_load
  File "<frozen importlib._bootstrap>", line 1006, in _find_and_load_unlocked
  File "<frozen importlib._bootstrap>", line 688, in _load_unlocked
  File "<frozen importlib._bootstrap_external>", line 883, in exec_module
  File "<frozen importlib._bootstrap>", line 241, in _call_with_frames_removed
  File "/home/nano/.local/lib/python3.10/site-packages/colcon_core/shell/bat.py", line 15, in <module>
    from colcon_core.shell.template import expand_template
  File "/home/nano/.local/lib/python3.10/site-packages/colcon_core/shell/template/__init__.py", line 19, in <module>
    raise e from None
  File "/home/nano/.local/lib/python3.10/site-packages/colcon_core/shell/template/__init__.py", line 10, in <module>
    from em import OVERRIDE_OPT
ImportError: cannot import name 'OVERRIDE_OPT' from 'em' (/home/nano/.local/bin/em.py) The Python package 'empy' must be installed and 'em' must not be installed since both packages share the same namespace

[31.880s] ERROR:colcon.colcon_core.extension_point:Exception loading extension 'colcon_core.shell.dsv': cannot import name 'OVERRIDE_OPT' from 'em' (/home/nano/.local/bin/em.py) The Python package 'empy' must be installed and 'em' must not be installed since both packages share the same namespace
Traceback (most recent call last):
  File "/home/nano/.local/lib/python3.10/site-packages/colcon_core/extension_point.py", line 169, in load_extension_points
    extension_type = load_extension_point(name, value, group)
  File "/home/nano/.local/lib/python3.10/site-packages/colcon_core/extension_point.py", line 210, in load_extension_point
    return EntryPoint(name, value, group).load()
  File "/usr/lib/python3.10/importlib/metadata/__init__.py", line 171, in load
    module = import_module(match.group('module'))
  File "/usr/lib/python3.10/importlib/__init__.py", line 126, in import_module
    return _bootstrap._gcd_import(name[level:], package, level)
  File "<frozen importlib._bootstrap>", line 1050, in _gcd_import
  File "<frozen importlib._bootstrap>", line 1027, in _find_and_load
  File "<frozen importlib._bootstrap>", line 1006, in _find_and_load_unlocked
  File "<frozen importlib._bootstrap>", line 688, in _load_unlocked
  File "<frozen importlib._bootstrap_external>", line 883, in exec_module
  File "<frozen importlib._bootstrap>", line 241, in _call_with_frames_removed
  File "/home/nano/.local/lib/python3.10/site-packages/colcon_core/shell/dsv.py", line 9, in <module>
    from colcon_core.shell.template import expand_template
  File "/home/nano/.local/lib/python3.10/site-packages/colcon_core/shell/template/__init__.py", line 19, in <module>
    raise e from None
  File "/home/nano/.local/lib/python3.10/site-packages/colcon_core/shell/template/__init__.py", line 10, in <module>
    from em import OVERRIDE_OPT
ImportError: cannot import name 'OVERRIDE_OPT' from 'em' (/home/nano/.local/bin/em.py) The Python package 'empy' must be installed and 'em' must not be installed since both packages share the same namespace

[31.886s] ERROR:colcon.colcon_core.extension_point:Exception loading extension 'colcon_core.shell.sh': cannot import name 'OVERRIDE_OPT' from 'em' (/home/nano/.local/bin/em.py) The Python package 'empy' must be installed and 'em' must not be installed since both packages share the same namespace
Traceback (most recent call last):
  File "/home/nano/.local/lib/python3.10/site-packages/colcon_core/extension_point.py", line 169, in load_extension_points
    extension_type = load_extension_point(name, value, group)
  File "/home/nano/.local/lib/python3.10/site-packages/colcon_core/extension_point.py", line 210, in load_extension_point
    return EntryPoint(name, value, group).load()
  File "/usr/lib/python3.10/importlib/metadata/__init__.py", line 171, in load
    module = import_module(match.group('module'))
  File "/usr/lib/python3.10/importlib/__init__.py", line 126, in import_module
    return _bootstrap._gcd_import(name[level:], package, level)
  File "<frozen importlib._bootstrap>", line 1050, in _gcd_import
  File "<frozen importlib._bootstrap>", line 1027, in _find_and_load
  File "<frozen importlib._bootstrap>", line 1006, in _find_and_load_unlocked
  File "<frozen importlib._bootstrap>", line 688, in _load_unlocked
  File "<frozen importlib._bootstrap_external>", line 883, in exec_module
  File "<frozen importlib._bootstrap>", line 241, in _call_with_frames_removed
  File "/home/nano/.local/lib/python3.10/site-packages/colcon_core/shell/sh.py", line 15, in <module>
    from colcon_core.shell.template import expand_template
  File "/home/nano/.local/lib/python3.10/site-packages/colcon_core/shell/template/__init__.py", line 19, in <module>
    raise e from None
  File "/home/nano/.local/lib/python3.10/site-packages/colcon_core/shell/template/__init__.py", line 10, in <module>
    from em import OVERRIDE_OPT
ImportError: cannot import name 'OVERRIDE_OPT' from 'em' (/home/nano/.local/bin/em.py) The Python package 'empy' must be installed and 'em' must not be installed since both packages share the same namespace

[31.890s] ERROR:colcon.colcon_core.extension_point:Exception loading extension 'colcon_core.shell.zsh': cannot import name 'OVERRIDE_OPT' from 'em' (/home/nano/.local/bin/em.py) The Python package 'empy' must be installed and 'em' must not be installed since both packages share the same namespace
Traceback (most recent call last):
  File "/home/nano/.local/lib/python3.10/site-packages/colcon_core/extension_point.py", line 169, in load_extension_points
    extension_type = load_extension_point(name, value, group)
  File "/home/nano/.local/lib/python3.10/site-packages/colcon_core/extension_point.py", line 210, in load_extension_point
    return EntryPoint(name, value, group).load()
  File "/usr/lib/python3.10/importlib/metadata/__init__.py", line 171, in load
    module = import_module(match.group('module'))
  File "/usr/lib/python3.10/importlib/__init__.py", line 126, in import_module
    return _bootstrap._gcd_import(name[level:], package, level)
  File "<frozen importlib._bootstrap>", line 1050, in _gcd_import
  File "<frozen importlib._bootstrap>", line 1027, in _find_and_load
  File "<frozen importlib._bootstrap>", line 1006, in _find_and_load_unlocked
  File "<frozen importlib._bootstrap>", line 688, in _load_unlocked
  File "<frozen importlib._bootstrap_external>", line 883, in exec_module
  File "<frozen importlib._bootstrap>", line 241, in _call_with_frames_removed
  File "/home/nano/.local/lib/python3.10/site-packages/colcon_zsh/shell/zsh.py", line 13, in <module>
    from colcon_core.shell.template import expand_template
  File "/home/nano/.local/lib/python3.10/site-packages/colcon_core/shell/template/__init__.py", line 19, in <module>
    raise e from None
  File "/home/nano/.local/lib/python3.10/site-packages/colcon_core/shell/template/__init__.py", line 10, in <module>
    from em import OVERRIDE_OPT
ImportError: cannot import name 'OVERRIDE_OPT' from 'em' (/home/nano/.local/bin/em.py) The Python package 'empy' must be installed and 'em' must not be installed since both packages share the same namespace

[31.893s] ERROR:colcon.colcon_core.extension_point:Exception loading extension 'colcon_core.shell.powershell': cannot import name 'OVERRIDE_OPT' from 'em' (/home/nano/.local/bin/em.py) The Python package 'empy' must be installed and 'em' must not be installed since both packages share the same namespace
Traceback (most recent call last):
  File "/home/nano/.local/lib/python3.10/site-packages/colcon_core/extension_point.py", line 169, in load_extension_points
    extension_type = load_extension_point(name, value, group)
  File "/home/nano/.local/lib/python3.10/site-packages/colcon_core/extension_point.py", line 210, in load_extension_point
    return EntryPoint(name, value, group).load()
  File "/usr/lib/python3.10/importlib/metadata/__init__.py", line 171, in load
    module = import_module(match.group('module'))
  File "/usr/lib/python3.10/importlib/__init__.py", line 126, in import_module
    return _bootstrap._gcd_import(name[level:], package, level)
  File "<frozen importlib._bootstrap>", line 1050, in _gcd_import
  File "<frozen importlib._bootstrap>", line 1027, in _find_and_load
  File "<frozen importlib._bootstrap>", line 1006, in _find_and_load_unlocked
  File "<frozen importlib._bootstrap>", line 688, in _load_unlocked
  File "<frozen importlib._bootstrap_external>", line 883, in exec_module
  File "<frozen importlib._bootstrap>", line 241, in _call_with_frames_removed
  File "/home/nano/.local/lib/python3.10/site-packages/colcon_powershell/shell/powershell.py", line 17, in <module>
    from colcon_core.shell.template import expand_template
  File "/home/nano/.local/lib/python3.10/site-packages/colcon_core/shell/template/__init__.py", line 19, in <module>
    raise e from None
  File "/home/nano/.local/lib/python3.10/site-packages/colcon_core/shell/template/__init__.py", line 10, in <module>
    from em import OVERRIDE_OPT
ImportError: cannot import name 'OVERRIDE_OPT' from 'em' (/home/nano/.local/bin/em.py) The Python package 'empy' must be installed and 'em' must not be installed since both packages share the same namespace

[31.897s] ERROR:colcon.colcon_core.extension_point:Exception loading extension 'colcon_core.shell.bash': cannot import name 'OVERRIDE_OPT' from 'em' (/home/nano/.local/bin/em.py) The Python package 'empy' must be installed and 'em' must not be installed since both packages share the same namespace
Traceback (most recent call last):
  File "/home/nano/.local/lib/python3.10/site-packages/colcon_core/extension_point.py", line 169, in load_extension_points
    extension_type = load_extension_point(name, value, group)
  File "/home/nano/.local/lib/python3.10/site-packages/colcon_core/extension_point.py", line 210, in load_extension_point
    return EntryPoint(name, value, group).load()
  File "/usr/lib/python3.10/importlib/metadata/__init__.py", line 171, in load
    module = import_module(match.group('module'))
  File "/usr/lib/python3.10/importlib/__init__.py", line 126, in import_module
    return _bootstrap._gcd_import(name[level:], package, level)
  File "<frozen importlib._bootstrap>", line 1050, in _gcd_import
  File "<frozen importlib._bootstrap>", line 1027, in _find_and_load
  File "<frozen importlib._bootstrap>", line 1006, in _find_and_load_unlocked
  File "<frozen importlib._bootstrap>", line 688, in _load_unlocked
  File "<frozen importlib._bootstrap_external>", line 883, in exec_module
  File "<frozen importlib._bootstrap>", line 241, in _call_with_frames_removed
  File "/home/nano/.local/lib/python3.10/site-packages/colcon_bash/shell/bash.py", line 13, in <module>
    from colcon_core.shell.template import expand_template
  File "/home/nano/.local/lib/python3.10/site-packages/colcon_core/shell/template/__init__.py", line 19, in <module>
    raise e from None
  File "/home/nano/.local/lib/python3.10/site-packages/colcon_core/shell/template/__init__.py", line 10, in <module>
    from em import OVERRIDE_OPT
ImportError: cannot import name 'OVERRIDE_OPT' from 'em' (/home/nano/.local/bin/em.py) The Python package 'empy' must be installed and 'em' must not be installed since both packages share the same namespace

