[0.080s] Invoking command in '/home/nano/ros2_uav_ws/build/px4_ros_com': CMAKE_PREFIX_PATH=/home/nano/ros2_uav_ws/install/px4_msgs:/home/nano/ros2_uav_ws/install/v4l2_camera:/home/nano/ros2_uav_ws/install/px4_ros_com:/home/nano/ros2_uav_ws/install/nano_test_pkg:/home/nano/ros2_uav_ws/install/px4_offboard:/opt/ros/humble LD_LIBRARY_PATH=/home/nano/ros2_uav_ws/install/px4_msgs/lib:/home/nano/ros2_uav_ws/install/v4l2_camera/lib:/home/nano/ros2_uav_ws/install/px4_ros_com/lib:/opt/ros/humble/opt/rviz_ogre_vendor/lib:/opt/ros/humble/lib/aarch64-linux-gnu:/opt/ros/humble/lib /usr/bin/cmake /home/nano/ros2_uav_ws/src/px4_ros_com -DAMENT_CMAKE_SYMLINK_INSTALL=1 -DCMAKE_INSTALL_PREFIX=/home/nano/ros2_uav_ws/install/px4_ros_com
[0.138s] -- Found ament_cmake: 1.3.9 (/opt/ros/humble/share/ament_cmake/cmake)
[0.921s] -- Override CMake install command with custom implementation using symlinks instead of copying resources
[0.986s] -- Found builtin_interfaces: 1.2.1 (/opt/ros/humble/share/builtin_interfaces/cmake)
[1.174s] -- Found rosidl_generator_c: 3.1.5 (/opt/ros/humble/share/rosidl_generator_c/cmake)
[1.188s] -- Found rosidl_adapter: 3.1.5 (/opt/ros/humble/share/rosidl_adapter/cmake)
[1.227s] -- Found rosidl_generator_cpp: 3.1.5 (/opt/ros/humble/share/rosidl_generator_cpp/cmake)
[1.314s] -- Using all available rosidl_typesupport_c: rosidl_typesupport_fastrtps_c;rosidl_typesupport_introspection_c
[1.415s] -- Using all available rosidl_typesupport_cpp: rosidl_typesupport_fastrtps_cpp;rosidl_typesupport_introspection_cpp
[1.510s] -- Found eigen3_cmake_module: 0.1.1 (/opt/ros/humble/share/eigen3_cmake_module/cmake)
[1.528s] -- Found geometry_msgs: 4.2.4 (/opt/ros/humble/share/geometry_msgs/cmake)
[1.963s] -- Found px4_msgs: 2.0.1 (/home/nano/ros2_uav_ws/install/px4_msgs/share/px4_msgs/cmake)
[2.124s] -- Found rclcpp: 16.0.9 (/opt/ros/humble/share/rclcpp/cmake)
[2.363s] -- Found rmw_implementation_cmake: 6.1.2 (/opt/ros/humble/share/rmw_implementation_cmake/cmake)
[2.371s] -- Found rmw_fastrtps_cpp: 6.2.6 (/opt/ros/humble/share/rmw_fastrtps_cpp/cmake)
[3.497s] -- Using RMW implementation 'rmw_fastrtps_cpp' as default
[4.111s] -- Found sensor_msgs: 4.2.4 (/opt/ros/humble/share/sensor_msgs/cmake)
[4.724s] -- Found rclpy: 3.3.13 (/opt/ros/humble/share/rclpy/cmake)
[4.778s] -- Found ament_lint_auto: 0.12.11 (/opt/ros/humble/share/ament_lint_auto/cmake)
[5.308s] -- Added test 'copyright' to check source files copyright and LICENSE
[5.361s] -- Added test 'cppcheck' to perform static code analysis on C / C++ code
[5.363s] -- Configured cppcheck include dirs: /home/nano/ros2_uav_ws/src/px4_ros_com/include;$<BUILD_INTERFACE:/home/nano/ros2_uav_ws/src/px4_ros_com/include/px4_ros_com>
[5.364s] -- Configured cppcheck exclude dirs and/or files: 
[5.415s] -- Added test 'cpplint' to check C / C++ code against the Google style
[5.416s] -- Configured cpplint exclude dirs and/or files: 
[5.423s] -- Added test 'flake8' to check Python code syntax and style conventions
[5.439s] -- Added test 'lint_cmake' to check CMake code style
[5.451s] -- Added test 'pep257' to check Python code against some of the docstring style conventions in PEP 257
[5.501s] -- Added test 'uncrustify' to check C / C++ code style
[5.501s] -- Configured uncrustify additional arguments: 
[5.509s] -- Added test 'xmllint' to check XML markup files
[5.529s] -- Configuring done
[5.745s] -- Generating done
[5.761s] -- Build files have been written to: /home/nano/ros2_uav_ws/build/px4_ros_com
[5.797s] Invoked command in '/home/nano/ros2_uav_ws/build/px4_ros_com' returned '0': CMAKE_PREFIX_PATH=/home/nano/ros2_uav_ws/install/px4_msgs:/home/nano/ros2_uav_ws/install/v4l2_camera:/home/nano/ros2_uav_ws/install/px4_ros_com:/home/nano/ros2_uav_ws/install/nano_test_pkg:/home/nano/ros2_uav_ws/install/px4_offboard:/opt/ros/humble LD_LIBRARY_PATH=/home/nano/ros2_uav_ws/install/px4_msgs/lib:/home/nano/ros2_uav_ws/install/v4l2_camera/lib:/home/nano/ros2_uav_ws/install/px4_ros_com/lib:/opt/ros/humble/opt/rviz_ogre_vendor/lib:/opt/ros/humble/lib/aarch64-linux-gnu:/opt/ros/humble/lib /usr/bin/cmake /home/nano/ros2_uav_ws/src/px4_ros_com -DAMENT_CMAKE_SYMLINK_INSTALL=1 -DCMAKE_INSTALL_PREFIX=/home/nano/ros2_uav_ws/install/px4_ros_com
[5.805s] Invoking command in '/home/nano/ros2_uav_ws/build/px4_ros_com': CMAKE_PREFIX_PATH=/home/nano/ros2_uav_ws/install/px4_msgs:/home/nano/ros2_uav_ws/install/v4l2_camera:/home/nano/ros2_uav_ws/install/px4_ros_com:/home/nano/ros2_uav_ws/install/nano_test_pkg:/home/nano/ros2_uav_ws/install/px4_offboard:/opt/ros/humble LD_LIBRARY_PATH=/home/nano/ros2_uav_ws/install/px4_msgs/lib:/home/nano/ros2_uav_ws/install/v4l2_camera/lib:/home/nano/ros2_uav_ws/install/px4_ros_com/lib:/opt/ros/humble/opt/rviz_ogre_vendor/lib:/opt/ros/humble/lib/aarch64-linux-gnu:/opt/ros/humble/lib /usr/bin/cmake --build /home/nano/ros2_uav_ws/build/px4_ros_com -- -j4 -l4
[6.295s] [35m[1mConsolidate compiler generated dependencies of target frame_transforms[0m
[6.479s] [ 16%] Built target frame_transforms
[6.551s] [35m[1mConsolidate compiler generated dependencies of target debug_vect_advertiser[0m
[6.651s] [ 25%] [32m[1mLinking CXX executable debug_vect_advertiser[0m
[8.452s] [ 33%] Built target debug_vect_advertiser
[8.530s] [35m[1mConsolidate compiler generated dependencies of target offboard_control[0m
[8.643s] [ 41%] [32m[1mLinking CXX executable offboard_control[0m
[9.957s] [ 50%] Built target offboard_control
[10.095s] [35m[1mConsolidate compiler generated dependencies of target offboard_control_srv[0m
[10.198s] [ 58%] [32m[1mLinking CXX executable offboard_control_srv[0m
[11.727s] [ 66%] Built target offboard_control_srv
[11.833s] failed to create symbolic link '/home/nano/ros2_uav_ws/build/px4_ros_com/ament_cmake_python/px4_ros_com/px4_ros_com' because existing path cannot be removed: Is a directory
[11.837s] gmake[2]: *** [CMakeFiles/ament_cmake_python_symlink_px4_ros_com.dir/build.make:70: CMakeFiles/ament_cmake_python_symlink_px4_ros_com] Error 1
[11.838s] gmake[1]: *** [CMakeFiles/Makefile2:306: CMakeFiles/ament_cmake_python_symlink_px4_ros_com.dir/all] Error 2
[11.839s] gmake: *** [Makefile:146: all] Error 2
[11.847s] Invoked command in '/home/nano/ros2_uav_ws/build/px4_ros_com' returned '2': CMAKE_PREFIX_PATH=/home/nano/ros2_uav_ws/install/px4_msgs:/home/nano/ros2_uav_ws/install/v4l2_camera:/home/nano/ros2_uav_ws/install/px4_ros_com:/home/nano/ros2_uav_ws/install/nano_test_pkg:/home/nano/ros2_uav_ws/install/px4_offboard:/opt/ros/humble LD_LIBRARY_PATH=/home/nano/ros2_uav_ws/install/px4_msgs/lib:/home/nano/ros2_uav_ws/install/v4l2_camera/lib:/home/nano/ros2_uav_ws/install/px4_ros_com/lib:/opt/ros/humble/opt/rviz_ogre_vendor/lib:/opt/ros/humble/lib/aarch64-linux-gnu:/opt/ros/humble/lib /usr/bin/cmake --build /home/nano/ros2_uav_ws/build/px4_ros_com -- -j4 -l4
