[35m[1mConsolidate compiler generated dependencies of target sensor_combined_listener[0m
[35m[1mConsolidate compiler generated dependencies of target vehicle_gps_position_listener[0m
[  8%] [32m[1mLinking CXX executable sensor_combined_listener[0m
[ 16%] [32m[1mLinking CXX executable vehicle_gps_position_listener[0m
[ 33%] Built target frame_transforms
[ 50%] Built target debug_vect_advertiser
[ 66%] Built target offboard_control
[ 83%] Built target offboard_control_srv
failed to create symbolic link '/home/nano/ros2_uav_ws/build/px4_ros_com/ament_cmake_python/px4_ros_com/px4_ros_com' because existing path cannot be removed: Is a directory
gmake[2]: *** [CMakeFiles/ament_cmake_python_symlink_px4_ros_com.dir/build.make:70: CMakeFiles/ament_cmake_python_symlink_px4_ros_com] Error 1
gmake[1]: *** [CMakeFiles/Makefile2:306: CMakeFiles/ament_cmake_python_symlink_px4_ros_com.dir/all] Error 2
gmake[1]: *** Waiting for unfinished jobs....
[ 91%] Built target vehicle_gps_position_listener
[100%] Built target sensor_combined_listener
gmake: *** [Makefile:146: all] Error 2
