[0.076s] Invoking command in '/home/nano/ros2_uav_ws/build/px4_ros_com': CMAKE_PREFIX_PATH=/home/nano/ros2_uav_ws/install/px4_msgs:/home/nano/ros2_uav_ws/install/v4l2_camera:/home/nano/ros2_uav_ws/install/px4_ros_com:/home/nano/ros2_uav_ws/install/nano_test_pkg:/home/nano/ros2_uav_ws/install/px4_offboard:/opt/ros/humble LD_LIBRARY_PATH=/home/nano/ros2_uav_ws/install/px4_msgs/lib:/home/nano/ros2_uav_ws/install/v4l2_camera/lib:/home/nano/ros2_uav_ws/install/px4_ros_com/lib:/opt/ros/humble/opt/rviz_ogre_vendor/lib:/opt/ros/humble/lib/aarch64-linux-gnu:/opt/ros/humble/lib /usr/bin/cmake --build /home/nano/ros2_uav_ws/build/px4_ros_com -- -j4 -l4
[0.291s] [35m[1mConsolidate compiler generated dependencies of target sensor_combined_listener[0m
[0.342s] [35m[1mConsolidate compiler generated dependencies of target vehicle_gps_position_listener[0m
[0.415s] [  8%] [32m[1mLinking CXX executable sensor_combined_listener[0m
[0.457s] [ 16%] [32m[1mLinking CXX executable vehicle_gps_position_listener[0m
[0.474s] [ 33%] Built target frame_transforms
[0.480s] [ 50%] Built target debug_vect_advertiser
[0.701s] [ 66%] Built target offboard_control
[0.744s] [ 83%] Built target offboard_control_srv
[0.868s] failed to create symbolic link '/home/nano/ros2_uav_ws/build/px4_ros_com/ament_cmake_python/px4_ros_com/px4_ros_com' because existing path cannot be removed: Is a directory
[0.879s] gmake[2]: *** [CMakeFiles/ament_cmake_python_symlink_px4_ros_com.dir/build.make:70: CMakeFiles/ament_cmake_python_symlink_px4_ros_com] Error 1
[0.880s] gmake[1]: *** [CMakeFiles/Makefile2:306: CMakeFiles/ament_cmake_python_symlink_px4_ros_com.dir/all] Error 2
[0.881s] gmake[1]: *** Waiting for unfinished jobs....
[3.928s] [ 91%] Built target vehicle_gps_position_listener
[4.013s] [100%] Built target sensor_combined_listener
[4.024s] gmake: *** [Makefile:146: all] Error 2
[4.040s] Invoked command in '/home/nano/ros2_uav_ws/build/px4_ros_com' returned '2': CMAKE_PREFIX_PATH=/home/nano/ros2_uav_ws/install/px4_msgs:/home/nano/ros2_uav_ws/install/v4l2_camera:/home/nano/ros2_uav_ws/install/px4_ros_com:/home/nano/ros2_uav_ws/install/nano_test_pkg:/home/nano/ros2_uav_ws/install/px4_offboard:/opt/ros/humble LD_LIBRARY_PATH=/home/nano/ros2_uav_ws/install/px4_msgs/lib:/home/nano/ros2_uav_ws/install/v4l2_camera/lib:/home/nano/ros2_uav_ws/install/px4_ros_com/lib:/opt/ros/humble/opt/rviz_ogre_vendor/lib:/opt/ros/humble/lib/aarch64-linux-gnu:/opt/ros/humble/lib /usr/bin/cmake --build /home/nano/ros2_uav_ws/build/px4_ros_com -- -j4 -l4
